[DEBUG][2017-09-03 14:04:48,951][org.mybatis.spring.SqlSessionFactoryBean][Scanned package: 'com.xuyh.netserver.modules.sys.entity' for aliases]
[DEBUG][2017-09-03 14:04:49,287][org.mybatis.spring.SqlSessionFactoryBean][Parsed configuration file: 'class path resource [mybatis-config.xml]']
[DEBUG][2017-09-03 14:04:50,748][org.mybatis.spring.SqlSessionFactoryBean][Parsed mapper file: 'file [F:\Idea-workspace\netServer\target\classes\mapper\sys\UserDao.xml]']
[DEBUG][2017-09-03 14:04:54,227][net.sf.ehcache.config.ConfigurationFactory][Configuring ehcache from InputStream]
[DEBUG][2017-09-03 14:04:54,311][net.sf.ehcache.config.DiskStoreConfiguration][Disk Store Path: temp/netServer/ehcache]
[DEBUG][2017-09-03 14:04:54,534][net.sf.ehcache.util.PropertyUtil][propertiesString is null.]
[DEBUG][2017-09-03 14:04:54,606][net.sf.ehcache.config.ConfigurationHelper][No CacheManagerEventListenerFactory class specified. Skipping...]
[DEBUG][2017-09-03 14:04:54,726][net.sf.ehcache.Cache][No BootstrapCacheLoaderFactory class specified. Skipping...]
[DEBUG][2017-09-03 14:04:54,726][net.sf.ehcache.Cache][CacheWriter factory not configured. Skipping...]
[DEBUG][2017-09-03 14:04:54,739][net.sf.ehcache.config.ConfigurationHelper][No CacheExceptionHandlerFactory class specified. Skipping...]
[DEBUG][2017-09-03 14:04:54,778][net.sf.ehcache.Cache][No BootstrapCacheLoaderFactory class specified. Skipping...]
[DEBUG][2017-09-03 14:04:54,778][net.sf.ehcache.Cache][CacheWriter factory not configured. Skipping...]
[DEBUG][2017-09-03 14:04:54,778][net.sf.ehcache.config.ConfigurationHelper][No CacheExceptionHandlerFactory class specified. Skipping...]
[DEBUG][2017-09-03 14:04:54,779][net.sf.ehcache.Cache][No BootstrapCacheLoaderFactory class specified. Skipping...]
[DEBUG][2017-09-03 14:04:54,779][net.sf.ehcache.Cache][CacheWriter factory not configured. Skipping...]
[DEBUG][2017-09-03 14:04:54,779][net.sf.ehcache.config.ConfigurationHelper][No CacheExceptionHandlerFactory class specified. Skipping...]
[DEBUG][2017-09-03 14:04:54,779][net.sf.ehcache.Cache][No BootstrapCacheLoaderFactory class specified. Skipping...]
[DEBUG][2017-09-03 14:04:54,779][net.sf.ehcache.Cache][CacheWriter factory not configured. Skipping...]
[DEBUG][2017-09-03 14:04:54,779][net.sf.ehcache.config.ConfigurationHelper][No CacheExceptionHandlerFactory class specified. Skipping...]
[DEBUG][2017-09-03 14:04:54,780][net.sf.ehcache.Cache][No BootstrapCacheLoaderFactory class specified. Skipping...]
[DEBUG][2017-09-03 14:04:54,780][net.sf.ehcache.Cache][CacheWriter factory not configured. Skipping...]
[DEBUG][2017-09-03 14:04:54,780][net.sf.ehcache.config.ConfigurationHelper][No CacheExceptionHandlerFactory class specified. Skipping...]
[DEBUG][2017-09-03 14:04:54,780][net.sf.ehcache.Cache][No BootstrapCacheLoaderFactory class specified. Skipping...]
[DEBUG][2017-09-03 14:04:54,781][net.sf.ehcache.Cache][CacheWriter factory not configured. Skipping...]
[DEBUG][2017-09-03 14:04:54,781][net.sf.ehcache.config.ConfigurationHelper][No CacheExceptionHandlerFactory class specified. Skipping...]
[DEBUG][2017-09-03 14:04:54,781][net.sf.ehcache.Cache][No BootstrapCacheLoaderFactory class specified. Skipping...]
[DEBUG][2017-09-03 14:04:54,781][net.sf.ehcache.Cache][CacheWriter factory not configured. Skipping...]
[DEBUG][2017-09-03 14:04:54,782][net.sf.ehcache.config.ConfigurationHelper][No CacheExceptionHandlerFactory class specified. Skipping...]
[DEBUG][2017-09-03 14:04:54,782][net.sf.ehcache.Cache][No BootstrapCacheLoaderFactory class specified. Skipping...]
[DEBUG][2017-09-03 14:04:54,782][net.sf.ehcache.Cache][CacheWriter factory not configured. Skipping...]
[DEBUG][2017-09-03 14:04:54,782][net.sf.ehcache.config.ConfigurationHelper][No CacheExceptionHandlerFactory class specified. Skipping...]
[DEBUG][2017-09-03 14:04:54,919][net.sf.ehcache.store.MemoryStore][Initialized net.sf.ehcache.store.MemoryStore for activeSessionsCache]
[DEBUG][2017-09-03 14:04:54,970][net.sf.ehcache.DiskStorePathManager][Using diskstore path temp\netServer\ehcache]
[DEBUG][2017-09-03 14:04:54,970][net.sf.ehcache.DiskStorePathManager][Holding exclusive lock on F:\Idea-workspace\netServer\temp\netServer\ehcache\.ehcache-diskstore.lock]
[DEBUG][2017-09-03 14:04:55,020][net.sf.ehcache.store.disk.DiskStorageFactory][Matching data file missing (or empty) for index file. Deleting index file temp\netServer\ehcache\active%0053essions%0043ache.index]
[DEBUG][2017-09-03 14:04:55,020][net.sf.ehcache.store.disk.DiskStorageFactory][Failed to delete file active%0053essions%0043ache.index]
[DEBUG][2017-09-03 14:04:55,073][net.sf.ehcache.Cache][Initialised cache: activeSessionsCache]
[DEBUG][2017-09-03 14:04:55,073][net.sf.ehcache.config.ConfigurationHelper][CacheDecoratorFactory not configured. Skipping for 'activeSessionsCache'.]
[DEBUG][2017-09-03 14:04:55,073][net.sf.ehcache.config.ConfigurationHelper][CacheDecoratorFactory not configured for defaultCache. Skipping for 'activeSessionsCache'.]
[DEBUG][2017-09-03 14:04:55,075][net.sf.ehcache.store.MemoryStore][Initialized net.sf.ehcache.store.MemoryStore for actCache]
[DEBUG][2017-09-03 14:04:55,081][net.sf.ehcache.store.disk.DiskStorageFactory][Failed to delete file act%0043ache.index]
[DEBUG][2017-09-03 14:04:55,085][net.sf.ehcache.store.disk.DiskStorageFactory][Matching data file missing (or empty) for index file. Deleting index file temp\netServer\ehcache\act%0043ache.index]
[DEBUG][2017-09-03 14:04:55,086][net.sf.ehcache.store.disk.DiskStorageFactory][Failed to delete file act%0043ache.index]
[DEBUG][2017-09-03 14:04:55,139][net.sf.ehcache.Cache][Initialised cache: actCache]
[DEBUG][2017-09-03 14:04:55,139][net.sf.ehcache.config.ConfigurationHelper][CacheDecoratorFactory not configured. Skipping for 'actCache'.]
[DEBUG][2017-09-03 14:04:55,139][net.sf.ehcache.config.ConfigurationHelper][CacheDecoratorFactory not configured for defaultCache. Skipping for 'actCache'.]
[DEBUG][2017-09-03 14:04:55,141][net.sf.ehcache.store.MemoryStore][Initialized net.sf.ehcache.store.MemoryStore for cmsCache]
[DEBUG][2017-09-03 14:04:55,148][net.sf.ehcache.store.disk.DiskStorageFactory][Failed to delete file cms%0043ache.index]
[DEBUG][2017-09-03 14:04:55,154][net.sf.ehcache.store.disk.DiskStorageFactory][Matching data file missing (or empty) for index file. Deleting index file temp\netServer\ehcache\cms%0043ache.index]
[DEBUG][2017-09-03 14:04:55,155][net.sf.ehcache.store.disk.DiskStorageFactory][Failed to delete file cms%0043ache.index]
[DEBUG][2017-09-03 14:04:55,156][net.sf.ehcache.Cache][Initialised cache: cmsCache]
[DEBUG][2017-09-03 14:04:55,156][net.sf.ehcache.config.ConfigurationHelper][CacheDecoratorFactory not configured. Skipping for 'cmsCache'.]
[DEBUG][2017-09-03 14:04:55,156][net.sf.ehcache.config.ConfigurationHelper][CacheDecoratorFactory not configured for defaultCache. Skipping for 'cmsCache'.]
[DEBUG][2017-09-03 14:04:55,203][net.sf.ehcache.store.MemoryStore][Initialized net.sf.ehcache.store.MemoryStore for pageCachingFilter]
[DEBUG][2017-09-03 14:04:55,215][net.sf.ehcache.store.disk.DiskStorageFactory][Failed to delete file page%0043aching%0046ilter.index]
[DEBUG][2017-09-03 14:04:55,223][net.sf.ehcache.store.disk.DiskStorageFactory][Matching data file missing (or empty) for index file. Deleting index file temp\netServer\ehcache\page%0043aching%0046ilter.index]
[DEBUG][2017-09-03 14:04:55,224][net.sf.ehcache.store.disk.DiskStorageFactory][Failed to delete file page%0043aching%0046ilter.index]
[DEBUG][2017-09-03 14:04:55,228][net.sf.ehcache.Cache][Initialised cache: pageCachingFilter]
[DEBUG][2017-09-03 14:04:55,228][net.sf.ehcache.config.ConfigurationHelper][CacheDecoratorFactory not configured. Skipping for 'pageCachingFilter'.]
[DEBUG][2017-09-03 14:04:55,229][net.sf.ehcache.config.ConfigurationHelper][CacheDecoratorFactory not configured for defaultCache. Skipping for 'pageCachingFilter'.]
[DEBUG][2017-09-03 14:04:55,230][net.sf.ehcache.store.MemoryStore][Initialized net.sf.ehcache.store.MemoryStore for corpCache]
[DEBUG][2017-09-03 14:04:55,237][net.sf.ehcache.store.disk.DiskStorageFactory][Failed to delete file corp%0043ache.index]
[DEBUG][2017-09-03 14:04:55,241][net.sf.ehcache.store.disk.DiskStorageFactory][Matching data file missing (or empty) for index file. Deleting index file temp\netServer\ehcache\corp%0043ache.index]
[DEBUG][2017-09-03 14:04:55,241][net.sf.ehcache.store.disk.DiskStorageFactory][Failed to delete file corp%0043ache.index]
[DEBUG][2017-09-03 14:04:55,244][net.sf.ehcache.Cache][Initialised cache: corpCache]
[DEBUG][2017-09-03 14:04:55,244][net.sf.ehcache.config.ConfigurationHelper][CacheDecoratorFactory not configured. Skipping for 'corpCache'.]
[DEBUG][2017-09-03 14:04:55,244][net.sf.ehcache.config.ConfigurationHelper][CacheDecoratorFactory not configured for defaultCache. Skipping for 'corpCache'.]
[DEBUG][2017-09-03 14:04:55,246][net.sf.ehcache.store.MemoryStore][Initialized net.sf.ehcache.store.MemoryStore for sysCache]
[DEBUG][2017-09-03 14:04:55,251][net.sf.ehcache.store.disk.DiskStorageFactory][Failed to delete file sys%0043ache.index]
[DEBUG][2017-09-03 14:04:55,256][net.sf.ehcache.store.disk.DiskStorageFactory][Matching data file missing (or empty) for index file. Deleting index file temp\netServer\ehcache\sys%0043ache.index]
[DEBUG][2017-09-03 14:04:55,256][net.sf.ehcache.store.disk.DiskStorageFactory][Failed to delete file sys%0043ache.index]
[DEBUG][2017-09-03 14:04:55,257][net.sf.ehcache.Cache][Initialised cache: sysCache]
[DEBUG][2017-09-03 14:04:55,258][net.sf.ehcache.config.ConfigurationHelper][CacheDecoratorFactory not configured. Skipping for 'sysCache'.]
[DEBUG][2017-09-03 14:04:55,258][net.sf.ehcache.config.ConfigurationHelper][CacheDecoratorFactory not configured for defaultCache. Skipping for 'sysCache'.]
[DEBUG][2017-09-03 14:04:55,259][net.sf.ehcache.store.MemoryStore][Initialized net.sf.ehcache.store.MemoryStore for userCache]
[DEBUG][2017-09-03 14:04:55,266][net.sf.ehcache.store.disk.DiskStorageFactory][Failed to delete file user%0043ache.index]
[DEBUG][2017-09-03 14:04:55,273][net.sf.ehcache.store.disk.DiskStorageFactory][Matching data file missing (or empty) for index file. Deleting index file temp\netServer\ehcache\user%0043ache.index]
[DEBUG][2017-09-03 14:04:55,275][net.sf.ehcache.store.disk.DiskStorageFactory][Failed to delete file user%0043ache.index]
[DEBUG][2017-09-03 14:04:55,276][net.sf.ehcache.Cache][Initialised cache: userCache]
[DEBUG][2017-09-03 14:04:55,276][net.sf.ehcache.config.ConfigurationHelper][CacheDecoratorFactory not configured. Skipping for 'userCache'.]
[DEBUG][2017-09-03 14:04:55,277][net.sf.ehcache.config.ConfigurationHelper][CacheDecoratorFactory not configured for defaultCache. Skipping for 'userCache'.]
[DEBUG][2017-09-03 14:05:47,837][org.mybatis.spring.SqlSessionUtils][Creating a new SqlSession]
[DEBUG][2017-09-03 14:05:47,913][org.mybatis.spring.SqlSessionUtils][SqlSession [org.apache.ibatis.session.defaults.DefaultSqlSession@4c8d13a1] was not registered for synchronization because synchronization is not active]
[DEBUG][2017-09-03 14:05:48,120][org.mybatis.spring.transaction.SpringManagedTransaction][JDBC Connection [com.alibaba.druid.proxy.jdbc.ConnectionProxyImpl@c4e5ad7] will not be managed by Spring]
[DEBUG][2017-09-03 14:05:48,379][com.xuyh.netserver.modules.sys.dao.UserDao.findAll][==>  Preparing: SELECT a.id, a.company_id AS "company.id", a.office_id AS "office.id", a.login_name, a.password, a.no, a.name, a.email, a.phone, a.mobile, a.user_type, a.login_ip, a.login_date, a.remarks, a.login_flag, a.photo, a.create_by AS "createBy.id", a.create_date, a.update_by AS "updateBy.id", a.update_date, a.del_flag, c.name AS "company.name", c.parent_id AS "company.parent.id", c.parent_ids AS "company.parentIds", ca.id AS "company.area.id", ca.name AS "company.area.name", ca.parent_id AS "company.area.parent.id", ca.parent_ids AS "company.area.parentIds", o.name AS "office.name", o.parent_id AS "office.parent.id", o.parent_ids AS "office.parentIds", oa.id AS "office.area.id", oa.name AS "office.area.name", oa.parent_id AS "office.area.parent.id", oa.parent_ids AS "office.area.parentIds", cu.id AS "company.primaryPerson.id", cu.name AS "company.primaryPerson.name", cu2.id AS "company.deputyPerson.id", cu2.name AS "company.deputyPerson.name", ou.id AS "office.primaryPerson.id", ou.name AS "office.primaryPerson.name", ou2.id AS "office.deputyPerson.id", ou2.name AS "office.deputyPerson.name" FROM sys_user a ]
[DEBUG][2017-09-03 14:05:49,381][com.xuyh.netserver.modules.sys.dao.UserDao.findAll][==> Parameters: ]
[DEBUG][2017-09-03 14:05:49,520][org.mybatis.spring.SqlSessionUtils][Closing non transactional SqlSession [org.apache.ibatis.session.defaults.DefaultSqlSession@4c8d13a1]]
[DEBUG][2017-09-03 14:06:24,491][org.mybatis.spring.SqlSessionUtils][Creating a new SqlSession]
[DEBUG][2017-09-03 14:06:24,492][org.mybatis.spring.SqlSessionUtils][SqlSession [org.apache.ibatis.session.defaults.DefaultSqlSession@7ba060f9] was not registered for synchronization because synchronization is not active]
[DEBUG][2017-09-03 14:06:24,500][org.mybatis.spring.transaction.SpringManagedTransaction][JDBC Connection [com.alibaba.druid.proxy.jdbc.ConnectionProxyImpl@c4e5ad7] will not be managed by Spring]
[DEBUG][2017-09-03 14:06:24,501][com.xuyh.netserver.modules.sys.dao.UserDao.getByLoginName][==>  Preparing: SELECT a.id, a.company_id AS "company.id", a.office_id AS "office.id", a.login_name, a.password, a.no, a.name, a.email, a.phone, a.mobile, a.user_type, a.login_ip, a.login_date, a.remarks, a.login_flag, a.photo, a.create_by AS "createBy.id", a.create_date, a.update_by AS "updateBy.id", a.update_date, a.del_flag, c.name AS "company.name", c.parent_id AS "company.parent.id", c.parent_ids AS "company.parentIds", ca.id AS "company.area.id", ca.name AS "company.area.name", ca.parent_id AS "company.area.parent.id", ca.parent_ids AS "company.area.parentIds", o.name AS "office.name", o.parent_id AS "office.parent.id", o.parent_ids AS "office.parentIds", oa.id AS "office.area.id", oa.name AS "office.area.name", oa.parent_id AS "office.area.parent.id", oa.parent_ids AS "office.area.parentIds", cu.id AS "company.primaryPerson.id", cu.name AS "company.primaryPerson.name", cu2.id AS "company.deputyPerson.id", cu2.name AS "company.deputyPerson.name", ou.id AS "office.primaryPerson.id", ou.name AS "office.primaryPerson.name", ou2.id AS "office.deputyPerson.id", ou2.name AS "office.deputyPerson.name" FROM sys_user a LEFT JOIN sys_office c ON c.id = a.company_id LEFT JOIN sys_area ca ON ca.id = c.area_id LEFT JOIN sys_office o ON o.id = a.office_id LEFT JOIN sys_area oa ON oa.id = o.area_id LEFT JOIN sys_user cu ON cu.id = c.primary_person LEFT JOIN sys_user cu2 ON cu2.id = c.deputy_person LEFT JOIN sys_user ou ON ou.id = o.primary_person LEFT JOIN sys_user ou2 ON ou2.id = o.deputy_person WHERE a.login_name = ? ]
[DEBUG][2017-09-03 14:06:24,510][com.xuyh.netserver.modules.sys.dao.UserDao.getByLoginName][==> Parameters: thinkgem(String)]
[DEBUG][2017-09-03 14:06:24,929][com.xuyh.netserver.modules.sys.dao.UserDao.getByLoginName][<==      Total: 1]
[DEBUG][2017-09-03 14:06:24,931][org.mybatis.spring.SqlSessionUtils][Closing non transactional SqlSession [org.apache.ibatis.session.defaults.DefaultSqlSession@7ba060f9]]
[DEBUG][2017-09-03 14:06:25,676][org.mybatis.spring.SqlSessionUtils][Creating a new SqlSession]
[DEBUG][2017-09-03 14:06:25,678][org.mybatis.spring.SqlSessionUtils][SqlSession [org.apache.ibatis.session.defaults.DefaultSqlSession@11d02af9] was not registered for synchronization because synchronization is not active]
[DEBUG][2017-09-03 14:06:25,681][org.mybatis.spring.transaction.SpringManagedTransaction][JDBC Connection [com.alibaba.druid.proxy.jdbc.ConnectionProxyImpl@c4e5ad7] will not be managed by Spring]
[DEBUG][2017-09-03 14:06:25,681][com.xuyh.netserver.modules.sys.dao.UserDao.getByLoginName][==>  Preparing: SELECT a.id, a.company_id AS "company.id", a.office_id AS "office.id", a.login_name, a.password, a.no, a.name, a.email, a.phone, a.mobile, a.user_type, a.login_ip, a.login_date, a.remarks, a.login_flag, a.photo, a.create_by AS "createBy.id", a.create_date, a.update_by AS "updateBy.id", a.update_date, a.del_flag, c.name AS "company.name", c.parent_id AS "company.parent.id", c.parent_ids AS "company.parentIds", ca.id AS "company.area.id", ca.name AS "company.area.name", ca.parent_id AS "company.area.parent.id", ca.parent_ids AS "company.area.parentIds", o.name AS "office.name", o.parent_id AS "office.parent.id", o.parent_ids AS "office.parentIds", oa.id AS "office.area.id", oa.name AS "office.area.name", oa.parent_id AS "office.area.parent.id", oa.parent_ids AS "office.area.parentIds", cu.id AS "company.primaryPerson.id", cu.name AS "company.primaryPerson.name", cu2.id AS "company.deputyPerson.id", cu2.name AS "company.deputyPerson.name", ou.id AS "office.primaryPerson.id", ou.name AS "office.primaryPerson.name", ou2.id AS "office.deputyPerson.id", ou2.name AS "office.deputyPerson.name" FROM sys_user a LEFT JOIN sys_office c ON c.id = a.company_id LEFT JOIN sys_area ca ON ca.id = c.area_id LEFT JOIN sys_office o ON o.id = a.office_id LEFT JOIN sys_area oa ON oa.id = o.area_id LEFT JOIN sys_user cu ON cu.id = c.primary_person LEFT JOIN sys_user cu2 ON cu2.id = c.deputy_person LEFT JOIN sys_user ou ON ou.id = o.primary_person LEFT JOIN sys_user ou2 ON ou2.id = o.deputy_person WHERE a.login_name = ? ]
[DEBUG][2017-09-03 14:06:25,694][com.xuyh.netserver.modules.sys.dao.UserDao.getByLoginName][==> Parameters: thinkgem(String)]
[DEBUG][2017-09-03 14:06:25,765][com.xuyh.netserver.modules.sys.dao.UserDao.getByLoginName][<==      Total: 1]
[DEBUG][2017-09-03 14:06:25,779][org.mybatis.spring.SqlSessionUtils][Closing non transactional SqlSession [org.apache.ibatis.session.defaults.DefaultSqlSession@11d02af9]]
[DEBUG][2017-09-03 14:06:38,196][org.mybatis.spring.SqlSessionUtils][Creating a new SqlSession]
[DEBUG][2017-09-03 14:06:38,197][org.mybatis.spring.SqlSessionUtils][SqlSession [org.apache.ibatis.session.defaults.DefaultSqlSession@205254dc] was not registered for synchronization because synchronization is not active]
[DEBUG][2017-09-03 14:06:38,197][org.mybatis.spring.transaction.SpringManagedTransaction][JDBC Connection [com.alibaba.druid.proxy.jdbc.ConnectionProxyImpl@c4e5ad7] will not be managed by Spring]
[DEBUG][2017-09-03 14:06:38,198][com.xuyh.netserver.modules.sys.dao.UserDao.findAll][==>  Preparing: SELECT a.id, a.company_id AS "company.id", a.office_id AS "office.id", a.login_name, a.password, a.no, a.name, a.email, a.phone, a.mobile, a.user_type, a.login_ip, a.login_date, a.remarks, a.login_flag, a.photo, a.create_by AS "createBy.id", a.create_date, a.update_by AS "updateBy.id", a.update_date, a.del_flag, c.name AS "company.name", c.parent_id AS "company.parent.id", c.parent_ids AS "company.parentIds", ca.id AS "company.area.id", ca.name AS "company.area.name", ca.parent_id AS "company.area.parent.id", ca.parent_ids AS "company.area.parentIds", o.name AS "office.name", o.parent_id AS "office.parent.id", o.parent_ids AS "office.parentIds", oa.id AS "office.area.id", oa.name AS "office.area.name", oa.parent_id AS "office.area.parent.id", oa.parent_ids AS "office.area.parentIds", cu.id AS "company.primaryPerson.id", cu.name AS "company.primaryPerson.name", cu2.id AS "company.deputyPerson.id", cu2.name AS "company.deputyPerson.name", ou.id AS "office.primaryPerson.id", ou.name AS "office.primaryPerson.name", ou2.id AS "office.deputyPerson.id", ou2.name AS "office.deputyPerson.name" FROM sys_user a ]
[DEBUG][2017-09-03 14:06:38,201][com.xuyh.netserver.modules.sys.dao.UserDao.findAll][==> Parameters: ]
[DEBUG][2017-09-03 14:06:38,204][org.mybatis.spring.SqlSessionUtils][Closing non transactional SqlSession [org.apache.ibatis.session.defaults.DefaultSqlSession@205254dc]]
[DEBUG][2017-09-03 14:25:50,196][org.mybatis.spring.SqlSessionUtils][Creating a new SqlSession]
[DEBUG][2017-09-03 14:25:50,197][org.mybatis.spring.SqlSessionUtils][SqlSession [org.apache.ibatis.session.defaults.DefaultSqlSession@689d3872] was not registered for synchronization because synchronization is not active]
[DEBUG][2017-09-03 14:25:50,201][org.mybatis.spring.transaction.SpringManagedTransaction][JDBC Connection [com.alibaba.druid.proxy.jdbc.ConnectionProxyImpl@c4e5ad7] will not be managed by Spring]
[DEBUG][2017-09-03 14:25:50,203][com.xuyh.netserver.modules.sys.dao.UserDao.getByLoginName][==>  Preparing: SELECT a.id, a.company_id AS "company.id", a.office_id AS "office.id", a.login_name, a.password, a.no, a.name, a.email, a.phone, a.mobile, a.user_type, a.login_ip, a.login_date, a.remarks, a.login_flag, a.photo, a.create_by AS "createBy.id", a.create_date, a.update_by AS "updateBy.id", a.update_date, a.del_flag, c.name AS "company.name", c.parent_id AS "company.parent.id", c.parent_ids AS "company.parentIds", ca.id AS "company.area.id", ca.name AS "company.area.name", ca.parent_id AS "company.area.parent.id", ca.parent_ids AS "company.area.parentIds", o.name AS "office.name", o.parent_id AS "office.parent.id", o.parent_ids AS "office.parentIds", oa.id AS "office.area.id", oa.name AS "office.area.name", oa.parent_id AS "office.area.parent.id", oa.parent_ids AS "office.area.parentIds", cu.id AS "company.primaryPerson.id", cu.name AS "company.primaryPerson.name", cu2.id AS "company.deputyPerson.id", cu2.name AS "company.deputyPerson.name", ou.id AS "office.primaryPerson.id", ou.name AS "office.primaryPerson.name", ou2.id AS "office.deputyPerson.id", ou2.name AS "office.deputyPerson.name" FROM sys_user a LEFT JOIN sys_office c ON c.id = a.company_id LEFT JOIN sys_area ca ON ca.id = c.area_id LEFT JOIN sys_office o ON o.id = a.office_id LEFT JOIN sys_area oa ON oa.id = o.area_id LEFT JOIN sys_user cu ON cu.id = c.primary_person LEFT JOIN sys_user cu2 ON cu2.id = c.deputy_person LEFT JOIN sys_user ou ON ou.id = o.primary_person LEFT JOIN sys_user ou2 ON ou2.id = o.deputy_person WHERE a.login_name = ? ]
[DEBUG][2017-09-03 14:25:50,210][com.xuyh.netserver.modules.sys.dao.UserDao.getByLoginName][==> Parameters: thinkgem(String)]
[DEBUG][2017-09-03 14:25:50,288][com.xuyh.netserver.modules.sys.dao.UserDao.getByLoginName][<==      Total: 1]
[DEBUG][2017-09-03 14:25:50,293][org.mybatis.spring.SqlSessionUtils][Closing non transactional SqlSession [org.apache.ibatis.session.defaults.DefaultSqlSession@689d3872]]
[DEBUG][2017-09-03 14:27:16,162][org.mybatis.spring.SqlSessionUtils][Creating a new SqlSession]
[DEBUG][2017-09-03 14:27:16,163][org.mybatis.spring.SqlSessionUtils][SqlSession [org.apache.ibatis.session.defaults.DefaultSqlSession@2d0ef0e7] was not registered for synchronization because synchronization is not active]
[DEBUG][2017-09-03 14:27:16,165][org.mybatis.spring.transaction.SpringManagedTransaction][JDBC Connection [com.alibaba.druid.proxy.jdbc.ConnectionProxyImpl@c4e5ad7] will not be managed by Spring]
[DEBUG][2017-09-03 14:27:16,166][com.xuyh.netserver.modules.sys.dao.UserDao.findAll][==>  Preparing: SELECT a.id, a.company_id AS "company.id", a.office_id AS "office.id", a.login_name, a.password, a.no, a.name, a.email, a.phone, a.mobile, a.user_type, a.login_ip, a.login_date, a.remarks, a.login_flag, a.photo, a.create_by AS "createBy.id", a.create_date, a.update_by AS "updateBy.id", a.update_date, a.del_flag, c.name AS "company.name", c.parent_id AS "company.parent.id", c.parent_ids AS "company.parentIds", ca.id AS "company.area.id", ca.name AS "company.area.name", ca.parent_id AS "company.area.parent.id", ca.parent_ids AS "company.area.parentIds", o.name AS "office.name", o.parent_id AS "office.parent.id", o.parent_ids AS "office.parentIds", oa.id AS "office.area.id", oa.name AS "office.area.name", oa.parent_id AS "office.area.parent.id", oa.parent_ids AS "office.area.parentIds", cu.id AS "company.primaryPerson.id", cu.name AS "company.primaryPerson.name", cu2.id AS "company.deputyPerson.id", cu2.name AS "company.deputyPerson.name", ou.id AS "office.primaryPerson.id", ou.name AS "office.primaryPerson.name", ou2.id AS "office.deputyPerson.id", ou2.name AS "office.deputyPerson.name" FROM sys_user a ]
[DEBUG][2017-09-03 14:27:16,170][com.xuyh.netserver.modules.sys.dao.UserDao.findAll][==> Parameters: ]
[DEBUG][2017-09-03 14:27:16,178][org.mybatis.spring.SqlSessionUtils][Closing non transactional SqlSession [org.apache.ibatis.session.defaults.DefaultSqlSession@2d0ef0e7]]
[DEBUG][2017-09-03 14:49:54,943][org.mybatis.spring.SqlSessionUtils][Creating a new SqlSession]
[DEBUG][2017-09-03 14:49:54,944][org.mybatis.spring.SqlSessionUtils][SqlSession [org.apache.ibatis.session.defaults.DefaultSqlSession@428594a4] was not registered for synchronization because synchronization is not active]
[DEBUG][2017-09-03 14:49:54,946][org.mybatis.spring.transaction.SpringManagedTransaction][JDBC Connection [com.alibaba.druid.proxy.jdbc.ConnectionProxyImpl@c4e5ad7] will not be managed by Spring]
[DEBUG][2017-09-03 14:49:54,947][com.xuyh.netserver.modules.sys.dao.UserDao.findAll][==>  Preparing: SELECT a.id, a.company_id AS "company.id", a.office_id AS "office.id", a.login_name, a.password, a.no, a.name, a.email, a.phone, a.mobile, a.user_type, a.login_ip, a.login_date, a.remarks, a.login_flag, a.photo, a.create_by AS "createBy.id", a.create_date, a.update_by AS "updateBy.id", a.update_date, a.del_flag, c.name AS "company.name", c.parent_id AS "company.parent.id", c.parent_ids AS "company.parentIds", ca.id AS "company.area.id", ca.name AS "company.area.name", ca.parent_id AS "company.area.parent.id", ca.parent_ids AS "company.area.parentIds", o.name AS "office.name", o.parent_id AS "office.parent.id", o.parent_ids AS "office.parentIds", oa.id AS "office.area.id", oa.name AS "office.area.name", oa.parent_id AS "office.area.parent.id", oa.parent_ids AS "office.area.parentIds", cu.id AS "company.primaryPerson.id", cu.name AS "company.primaryPerson.name", cu2.id AS "company.deputyPerson.id", cu2.name AS "company.deputyPerson.name", ou.id AS "office.primaryPerson.id", ou.name AS "office.primaryPerson.name", ou2.id AS "office.deputyPerson.id", ou2.name AS "office.deputyPerson.name" FROM sys_user a ]
[DEBUG][2017-09-03 14:49:54,951][com.xuyh.netserver.modules.sys.dao.UserDao.findAll][==> Parameters: ]
[DEBUG][2017-09-03 14:49:54,956][org.mybatis.spring.SqlSessionUtils][Closing non transactional SqlSession [org.apache.ibatis.session.defaults.DefaultSqlSession@428594a4]]
[DEBUG][2017-09-03 15:02:53,423][org.mybatis.spring.mapper.ClassPathMapperScanner][Ignored because not a concrete top-level class: file [F:\Idea-workspace\netServer\target\classes\com\xuyh\netserver\common\config\Global.class]]
[DEBUG][2017-09-03 15:02:53,428][org.mybatis.spring.mapper.ClassPathMapperScanner][Ignored because not a concrete top-level class: file [F:\Idea-workspace\netServer\target\classes\com\xuyh\netserver\common\scheduled\ScheduledTaskManager.class]]
[DEBUG][2017-09-03 15:02:53,430][org.mybatis.spring.mapper.ClassPathMapperScanner][Ignored because not a concrete top-level class: file [F:\Idea-workspace\netServer\target\classes\com\xuyh\netserver\common\servlet\ValidateCodeServlet.class]]
[DEBUG][2017-09-03 15:02:53,431][org.mybatis.spring.mapper.ClassPathMapperScanner][Ignored because not a concrete top-level class: file [F:\Idea-workspace\netServer\target\classes\com\xuyh\netserver\common\utils\DBTools.class]]
[DEBUG][2017-09-03 15:02:53,432][org.mybatis.spring.mapper.ClassPathMapperScanner][Ignored because not a concrete top-level class: file [F:\Idea-workspace\netServer\target\classes\com\xuyh\netserver\common\utils\Encodes.class]]
[DEBUG][2017-09-03 15:02:53,433][org.mybatis.spring.mapper.ClassPathMapperScanner][Ignored because not a concrete top-level class: file [F:\Idea-workspace\netServer\target\classes\com\xuyh\netserver\common\utils\Exceptions.class]]
[DEBUG][2017-09-03 15:02:53,435][org.mybatis.spring.mapper.ClassPathMapperScanner][Ignored because not a concrete top-level class: file [F:\Idea-workspace\netServer\target\classes\com\xuyh\netserver\common\utils\PropertiesLoader.class]]
[DEBUG][2017-09-03 15:02:53,438][org.mybatis.spring.mapper.ClassPathMapperScanner][Ignored because not a concrete top-level class: file [F:\Idea-workspace\netServer\target\classes\com\xuyh\netserver\common\utils\SpringContextHolder.class]]
[DEBUG][2017-09-03 15:02:53,444][org.mybatis.spring.mapper.ClassPathMapperScanner][Ignored because not a concrete top-level class: file [F:\Idea-workspace\netServer\target\classes\com\xuyh\netserver\common\utils\StringUtils.class]]
[DEBUG][2017-09-03 15:02:53,448][org.mybatis.spring.mapper.ClassPathMapperScanner][Ignored because not a concrete top-level class: file [F:\Idea-workspace\netServer\target\classes\com\xuyh\netserver\modules\sys\controller\Index.class]]
[DEBUG][2017-09-03 15:02:53,450][org.mybatis.spring.mapper.ClassPathMapperScanner][Ignored because not a concrete top-level class: file [F:\Idea-workspace\netServer\target\classes\com\xuyh\netserver\modules\sys\controller\LoginController.class]]
[DEBUG][2017-09-03 15:02:53,451][org.mybatis.spring.mapper.ClassPathMapperScanner][Identified candidate component class: file [F:\Idea-workspace\netServer\target\classes\com\xuyh\netserver\modules\sys\dao\RoleDao.class]]
[DEBUG][2017-09-03 15:02:53,452][org.mybatis.spring.mapper.ClassPathMapperScanner][Identified candidate component class: file [F:\Idea-workspace\netServer\target\classes\com\xuyh\netserver\modules\sys\dao\UserDao.class]]
[DEBUG][2017-09-03 15:02:53,453][org.mybatis.spring.mapper.ClassPathMapperScanner][Ignored because not a concrete top-level class: file [F:\Idea-workspace\netServer\target\classes\com\xuyh\netserver\modules\sys\entity\Area.class]]
[DEBUG][2017-09-03 15:02:53,454][org.mybatis.spring.mapper.ClassPathMapperScanner][Ignored because not a concrete top-level class: file [F:\Idea-workspace\netServer\target\classes\com\xuyh\netserver\modules\sys\entity\Dict.class]]
[DEBUG][2017-09-03 15:02:53,454][org.mybatis.spring.mapper.ClassPathMapperScanner][Ignored because not a concrete top-level class: file [F:\Idea-workspace\netServer\target\classes\com\xuyh\netserver\modules\sys\entity\Log.class]]
[DEBUG][2017-09-03 15:02:53,455][org.mybatis.spring.mapper.ClassPathMapperScanner][Ignored because not a concrete top-level class: file [F:\Idea-workspace\netServer\target\classes\com\xuyh\netserver\modules\sys\entity\Menu.class]]
[DEBUG][2017-09-03 15:02:53,456][org.mybatis.spring.mapper.ClassPathMapperScanner][Ignored because not a concrete top-level class: file [F:\Idea-workspace\netServer\target\classes\com\xuyh\netserver\modules\sys\entity\Office.class]]
[DEBUG][2017-09-03 15:02:53,457][org.mybatis.spring.mapper.ClassPathMapperScanner][Ignored because not a concrete top-level class: file [F:\Idea-workspace\netServer\target\classes\com\xuyh\netserver\modules\sys\entity\Role.class]]
[DEBUG][2017-09-03 15:02:53,461][org.mybatis.spring.mapper.ClassPathMapperScanner][Ignored because not a concrete top-level class: file [F:\Idea-workspace\netServer\target\classes\com\xuyh\netserver\modules\sys\entity\User.class]]
[DEBUG][2017-09-03 15:02:53,462][org.mybatis.spring.mapper.ClassPathMapperScanner][Ignored because not a concrete top-level class: file [F:\Idea-workspace\netServer\target\classes\com\xuyh\netserver\modules\sys\realm\RetryLimitHashedCredentialsMatcher.class]]
[DEBUG][2017-09-03 15:02:53,463][org.mybatis.spring.mapper.ClassPathMapperScanner][Ignored because not a concrete top-level class: file [F:\Idea-workspace\netServer\target\classes\com\xuyh\netserver\modules\sys\realm\UserRealm.class]]
[DEBUG][2017-09-03 15:02:53,464][org.mybatis.spring.mapper.ClassPathMapperScanner][Identified candidate component class: file [F:\Idea-workspace\netServer\target\classes\com\xuyh\netserver\modules\sys\service\IUserService.class]]
[DEBUG][2017-09-03 15:02:53,465][org.mybatis.spring.mapper.ClassPathMapperScanner][Ignored because not a concrete top-level class: file [F:\Idea-workspace\netServer\target\classes\com\xuyh\netserver\modules\sys\service\UserService.class]]
[DEBUG][2017-09-03 15:02:53,466][org.mybatis.spring.mapper.ClassPathMapperScanner][Ignored because not a concrete top-level class: file [F:\Idea-workspace\netServer\target\classes\com\xuyh\netserver\modules\sys\test\Test1.class]]
[DEBUG][2017-09-03 15:02:53,467][org.mybatis.spring.mapper.ClassPathMapperScanner][Ignored because not a concrete top-level class: file [F:\Idea-workspace\netServer\target\classes\com\xuyh\netserver\test\aop\LoginAspect.class]]
[DEBUG][2017-09-03 15:02:53,468][org.mybatis.spring.mapper.ClassPathMapperScanner][Ignored because not a concrete top-level class: file [F:\Idea-workspace\netServer\target\classes\com\xuyh\netserver\test\aop\LoginTest.class]]
[DEBUG][2017-09-03 15:02:53,469][org.mybatis.spring.mapper.ClassPathMapperScanner][Ignored because not a concrete top-level class: file [F:\Idea-workspace\netServer\target\classes\com\xuyh\netserver\test\aop\MabatisTest.class]]
[DEBUG][2017-09-03 15:02:53,470][org.mybatis.spring.mapper.ClassPathMapperScanner][Ignored because not a concrete top-level class: file [F:\Idea-workspace\netServer\target\classes\com\xuyh\netserver\test\dao\DaoTest.class]]
[DEBUG][2017-09-03 15:02:53,470][org.mybatis.spring.mapper.ClassPathMapperScanner][Ignored because not a concrete top-level class: file [F:\Idea-workspace\netServer\target\classes\com\xuyh\netserver\test\shiro\AuthenticatorTest.class]]
[DEBUG][2017-09-03 15:02:53,471][org.mybatis.spring.mapper.ClassPathMapperScanner][Ignored because not a concrete top-level class: file [F:\Idea-workspace\netServer\target\classes\com\xuyh\netserver\test\shiro\MyRealm.class]]
[DEBUG][2017-09-03 15:02:53,472][org.mybatis.spring.mapper.ClassPathMapperScanner][Ignored because not a concrete top-level class: file [F:\Idea-workspace\netServer\target\classes\com\xuyh\netserver\test\shiro\MyRealm2.class]]
[DEBUG][2017-09-03 15:02:53,474][org.mybatis.spring.mapper.ClassPathMapperScanner][Ignored because not a concrete top-level class: file [F:\Idea-workspace\netServer\target\classes\com\xuyh\netserver\test\shiro\Myrealm3.class]]
[DEBUG][2017-09-03 15:02:53,476][org.mybatis.spring.mapper.ClassPathMapperScanner][Ignored because not a concrete top-level class: file [F:\Idea-workspace\netServer\target\classes\com\xuyh\netserver\test\shiro\ShiroTest.class]]
[DEBUG][2017-09-03 15:02:53,477][org.mybatis.spring.mapper.ClassPathMapperScanner][Ignored because not a concrete top-level class: file [F:\Idea-workspace\netServer\target\classes\com\xuyh\netserver\test\ThreadPool\ConsumerThread.class]]
[DEBUG][2017-09-03 15:02:53,478][org.mybatis.spring.mapper.ClassPathMapperScanner][Ignored because not a concrete top-level class: file [F:\Idea-workspace\netServer\target\classes\com\xuyh\netserver\test\ThreadPool\DataCenterService$1.class]]
[DEBUG][2017-09-03 15:02:53,478][org.mybatis.spring.mapper.ClassPathMapperScanner][Ignored because not a concrete top-level class: file [F:\Idea-workspace\netServer\target\classes\com\xuyh\netserver\test\ThreadPool\DataCenterService.class]]
[DEBUG][2017-09-03 15:02:53,479][org.mybatis.spring.mapper.ClassPathMapperScanner][Creating MapperFactoryBean with name 'roleDao' and 'com.xuyh.netserver.modules.sys.dao.RoleDao' mapperInterface]
[DEBUG][2017-09-03 15:02:53,479][org.mybatis.spring.mapper.ClassPathMapperScanner][Creating MapperFactoryBean with name 'userDao' and 'com.xuyh.netserver.modules.sys.dao.UserDao' mapperInterface]
[DEBUG][2017-09-03 15:02:53,479][org.mybatis.spring.mapper.ClassPathMapperScanner][Creating MapperFactoryBean with name 'IUserService' and 'com.xuyh.netserver.modules.sys.service.IUserService' mapperInterface]
[DEBUG][2017-09-03 15:02:56,156][org.mybatis.spring.SqlSessionFactoryBean][Scanned package: 'com.xuyh.netserver.modules.sys.entity' for aliases]
[DEBUG][2017-09-03 15:02:56,249][org.mybatis.spring.SqlSessionFactoryBean][Parsed configuration file: 'class path resource [mybatis-config.xml]']
[DEBUG][2017-09-03 15:02:56,464][org.mybatis.spring.SqlSessionFactoryBean][Parsed mapper file: 'file [F:\Idea-workspace\netServer\target\classes\mapper\sys\UserDao.xml]']
[DEBUG][2017-09-03 15:02:56,887][net.sf.ehcache.config.ConfigurationFactory][Configuring ehcache from InputStream]
[DEBUG][2017-09-03 15:02:56,915][net.sf.ehcache.config.DiskStoreConfiguration][Disk Store Path: temp/netServer/ehcache]
[DEBUG][2017-09-03 15:02:56,965][net.sf.ehcache.util.PropertyUtil][propertiesString is null.]
[DEBUG][2017-09-03 15:02:56,990][net.sf.ehcache.config.ConfigurationHelper][No CacheManagerEventListenerFactory class specified. Skipping...]
[DEBUG][2017-09-03 15:02:57,024][net.sf.ehcache.Cache][No BootstrapCacheLoaderFactory class specified. Skipping...]
[DEBUG][2017-09-03 15:02:57,024][net.sf.ehcache.Cache][CacheWriter factory not configured. Skipping...]
[DEBUG][2017-09-03 15:02:57,028][net.sf.ehcache.config.ConfigurationHelper][No CacheExceptionHandlerFactory class specified. Skipping...]
[DEBUG][2017-09-03 15:02:57,038][net.sf.ehcache.Cache][No BootstrapCacheLoaderFactory class specified. Skipping...]
[DEBUG][2017-09-03 15:02:57,038][net.sf.ehcache.Cache][CacheWriter factory not configured. Skipping...]
[DEBUG][2017-09-03 15:02:57,038][net.sf.ehcache.config.ConfigurationHelper][No CacheExceptionHandlerFactory class specified. Skipping...]
[DEBUG][2017-09-03 15:02:57,039][net.sf.ehcache.Cache][No BootstrapCacheLoaderFactory class specified. Skipping...]
[DEBUG][2017-09-03 15:02:57,039][net.sf.ehcache.Cache][CacheWriter factory not configured. Skipping...]
[DEBUG][2017-09-03 15:02:57,039][net.sf.ehcache.config.ConfigurationHelper][No CacheExceptionHandlerFactory class specified. Skipping...]
[DEBUG][2017-09-03 15:02:57,039][net.sf.ehcache.Cache][No BootstrapCacheLoaderFactory class specified. Skipping...]
[DEBUG][2017-09-03 15:02:57,039][net.sf.ehcache.Cache][CacheWriter factory not configured. Skipping...]
[DEBUG][2017-09-03 15:02:57,039][net.sf.ehcache.config.ConfigurationHelper][No CacheExceptionHandlerFactory class specified. Skipping...]
[DEBUG][2017-09-03 15:02:57,039][net.sf.ehcache.Cache][No BootstrapCacheLoaderFactory class specified. Skipping...]
[DEBUG][2017-09-03 15:02:57,039][net.sf.ehcache.Cache][CacheWriter factory not configured. Skipping...]
[DEBUG][2017-09-03 15:02:57,039][net.sf.ehcache.config.ConfigurationHelper][No CacheExceptionHandlerFactory class specified. Skipping...]
[DEBUG][2017-09-03 15:02:57,039][net.sf.ehcache.Cache][No BootstrapCacheLoaderFactory class specified. Skipping...]
[DEBUG][2017-09-03 15:02:57,039][net.sf.ehcache.Cache][CacheWriter factory not configured. Skipping...]
[DEBUG][2017-09-03 15:02:57,039][net.sf.ehcache.config.ConfigurationHelper][No CacheExceptionHandlerFactory class specified. Skipping...]
[DEBUG][2017-09-03 15:02:57,040][net.sf.ehcache.Cache][No BootstrapCacheLoaderFactory class specified. Skipping...]
[DEBUG][2017-09-03 15:02:57,040][net.sf.ehcache.Cache][CacheWriter factory not configured. Skipping...]
[DEBUG][2017-09-03 15:02:57,040][net.sf.ehcache.config.ConfigurationHelper][No CacheExceptionHandlerFactory class specified. Skipping...]
[DEBUG][2017-09-03 15:02:57,040][net.sf.ehcache.Cache][No BootstrapCacheLoaderFactory class specified. Skipping...]
[DEBUG][2017-09-03 15:02:57,040][net.sf.ehcache.Cache][CacheWriter factory not configured. Skipping...]
[DEBUG][2017-09-03 15:02:57,040][net.sf.ehcache.config.ConfigurationHelper][No CacheExceptionHandlerFactory class specified. Skipping...]
[DEBUG][2017-09-03 15:02:57,079][net.sf.ehcache.store.MemoryStore][Initialized net.sf.ehcache.store.MemoryStore for actCache]
[DEBUG][2017-09-03 15:02:57,098][net.sf.ehcache.DiskStorePathManager][Using diskstore path temp\netServer\ehcache]
[DEBUG][2017-09-03 15:02:57,099][net.sf.ehcache.DiskStorePathManager][Holding exclusive lock on F:\Idea-workspace\netServer\temp\netServer\ehcache\.ehcache-diskstore.lock]
[DEBUG][2017-09-03 15:02:57,101][net.sf.ehcache.store.disk.DiskStorageFactory][Failed to delete file act%0043ache.index]
[DEBUG][2017-09-03 15:02:57,116][net.sf.ehcache.store.disk.DiskStorageFactory][Matching data file missing (or empty) for index file. Deleting index file temp\netServer\ehcache\act%0043ache.index]
[DEBUG][2017-09-03 15:02:57,116][net.sf.ehcache.store.disk.DiskStorageFactory][Failed to delete file act%0043ache.index]
[DEBUG][2017-09-03 15:02:57,148][net.sf.ehcache.Cache][Initialised cache: actCache]
[DEBUG][2017-09-03 15:02:57,148][net.sf.ehcache.config.ConfigurationHelper][CacheDecoratorFactory not configured. Skipping for 'actCache'.]
[DEBUG][2017-09-03 15:02:57,148][net.sf.ehcache.config.ConfigurationHelper][CacheDecoratorFactory not configured for defaultCache. Skipping for 'actCache'.]
[DEBUG][2017-09-03 15:02:57,149][net.sf.ehcache.store.MemoryStore][Initialized net.sf.ehcache.store.MemoryStore for userCache]
[DEBUG][2017-09-03 15:02:57,152][net.sf.ehcache.store.disk.DiskStorageFactory][Failed to delete file user%0043ache.index]
[DEBUG][2017-09-03 15:02:57,155][net.sf.ehcache.store.disk.DiskStorageFactory][Matching data file missing (or empty) for index file. Deleting index file temp\netServer\ehcache\user%0043ache.index]
[DEBUG][2017-09-03 15:02:57,155][net.sf.ehcache.store.disk.DiskStorageFactory][Failed to delete file user%0043ache.index]
[DEBUG][2017-09-03 15:02:57,156][net.sf.ehcache.Cache][Initialised cache: userCache]
[DEBUG][2017-09-03 15:02:57,156][net.sf.ehcache.config.ConfigurationHelper][CacheDecoratorFactory not configured. Skipping for 'userCache'.]
[DEBUG][2017-09-03 15:02:57,156][net.sf.ehcache.config.ConfigurationHelper][CacheDecoratorFactory not configured for defaultCache. Skipping for 'userCache'.]
[DEBUG][2017-09-03 15:02:57,157][net.sf.ehcache.store.MemoryStore][Initialized net.sf.ehcache.store.MemoryStore for sysCache]
[DEBUG][2017-09-03 15:02:57,160][net.sf.ehcache.store.disk.DiskStorageFactory][Failed to delete file sys%0043ache.index]
[DEBUG][2017-09-03 15:02:57,161][net.sf.ehcache.store.disk.DiskStorageFactory][Matching data file missing (or empty) for index file. Deleting index file temp\netServer\ehcache\sys%0043ache.index]
[DEBUG][2017-09-03 15:02:57,161][net.sf.ehcache.store.disk.DiskStorageFactory][Failed to delete file sys%0043ache.index]
[DEBUG][2017-09-03 15:02:57,162][net.sf.ehcache.Cache][Initialised cache: sysCache]
[DEBUG][2017-09-03 15:02:57,162][net.sf.ehcache.config.ConfigurationHelper][CacheDecoratorFactory not configured. Skipping for 'sysCache'.]
[DEBUG][2017-09-03 15:02:57,162][net.sf.ehcache.config.ConfigurationHelper][CacheDecoratorFactory not configured for defaultCache. Skipping for 'sysCache'.]
[DEBUG][2017-09-03 15:02:57,164][net.sf.ehcache.store.MemoryStore][Initialized net.sf.ehcache.store.MemoryStore for pageCachingFilter]
[DEBUG][2017-09-03 15:02:57,167][net.sf.ehcache.store.disk.DiskStorageFactory][Failed to delete file page%0043aching%0046ilter.index]
[DEBUG][2017-09-03 15:02:57,168][net.sf.ehcache.store.disk.DiskStorageFactory][Matching data file missing (or empty) for index file. Deleting index file temp\netServer\ehcache\page%0043aching%0046ilter.index]
[DEBUG][2017-09-03 15:02:57,168][net.sf.ehcache.store.disk.DiskStorageFactory][Failed to delete file page%0043aching%0046ilter.index]
[DEBUG][2017-09-03 15:02:57,169][net.sf.ehcache.Cache][Initialised cache: pageCachingFilter]
[DEBUG][2017-09-03 15:02:57,169][net.sf.ehcache.config.ConfigurationHelper][CacheDecoratorFactory not configured. Skipping for 'pageCachingFilter'.]
[DEBUG][2017-09-03 15:02:57,169][net.sf.ehcache.config.ConfigurationHelper][CacheDecoratorFactory not configured for defaultCache. Skipping for 'pageCachingFilter'.]
[DEBUG][2017-09-03 15:02:57,170][net.sf.ehcache.store.MemoryStore][Initialized net.sf.ehcache.store.MemoryStore for cmsCache]
[DEBUG][2017-09-03 15:02:57,172][net.sf.ehcache.store.disk.DiskStorageFactory][Failed to delete file cms%0043ache.index]
[DEBUG][2017-09-03 15:02:57,174][net.sf.ehcache.store.disk.DiskStorageFactory][Matching data file missing (or empty) for index file. Deleting index file temp\netServer\ehcache\cms%0043ache.index]
[DEBUG][2017-09-03 15:02:57,174][net.sf.ehcache.store.disk.DiskStorageFactory][Failed to delete file cms%0043ache.index]
[DEBUG][2017-09-03 15:02:57,176][net.sf.ehcache.Cache][Initialised cache: cmsCache]
[DEBUG][2017-09-03 15:02:57,176][net.sf.ehcache.config.ConfigurationHelper][CacheDecoratorFactory not configured. Skipping for 'cmsCache'.]
[DEBUG][2017-09-03 15:02:57,176][net.sf.ehcache.config.ConfigurationHelper][CacheDecoratorFactory not configured for defaultCache. Skipping for 'cmsCache'.]
[DEBUG][2017-09-03 15:02:57,178][net.sf.ehcache.store.MemoryStore][Initialized net.sf.ehcache.store.MemoryStore for activeSessionsCache]
[DEBUG][2017-09-03 15:02:57,179][net.sf.ehcache.store.disk.DiskStorageFactory][Matching data file missing (or empty) for index file. Deleting index file temp\netServer\ehcache\active%0053essions%0043ache.index]
[DEBUG][2017-09-03 15:02:57,179][net.sf.ehcache.store.disk.DiskStorageFactory][Failed to delete file active%0053essions%0043ache.index]
[DEBUG][2017-09-03 15:02:57,180][net.sf.ehcache.Cache][Initialised cache: activeSessionsCache]
[DEBUG][2017-09-03 15:02:57,180][net.sf.ehcache.config.ConfigurationHelper][CacheDecoratorFactory not configured. Skipping for 'activeSessionsCache'.]
[DEBUG][2017-09-03 15:02:57,180][net.sf.ehcache.config.ConfigurationHelper][CacheDecoratorFactory not configured for defaultCache. Skipping for 'activeSessionsCache'.]
[DEBUG][2017-09-03 15:02:57,181][net.sf.ehcache.store.MemoryStore][Initialized net.sf.ehcache.store.MemoryStore for corpCache]
[DEBUG][2017-09-03 15:02:57,183][net.sf.ehcache.store.disk.DiskStorageFactory][Failed to delete file corp%0043ache.index]
[DEBUG][2017-09-03 15:02:57,185][net.sf.ehcache.store.disk.DiskStorageFactory][Matching data file missing (or empty) for index file. Deleting index file temp\netServer\ehcache\corp%0043ache.index]
[DEBUG][2017-09-03 15:02:57,185][net.sf.ehcache.store.disk.DiskStorageFactory][Failed to delete file corp%0043ache.index]
[DEBUG][2017-09-03 15:02:57,186][net.sf.ehcache.Cache][Initialised cache: corpCache]
[DEBUG][2017-09-03 15:02:57,186][net.sf.ehcache.config.ConfigurationHelper][CacheDecoratorFactory not configured. Skipping for 'corpCache'.]
[DEBUG][2017-09-03 15:02:57,186][net.sf.ehcache.config.ConfigurationHelper][CacheDecoratorFactory not configured for defaultCache. Skipping for 'corpCache'.]
[DEBUG][2017-09-03 15:04:08,054][org.mybatis.spring.SqlSessionUtils][Creating a new SqlSession]
[DEBUG][2017-09-03 15:04:08,075][org.mybatis.spring.SqlSessionUtils][SqlSession [org.apache.ibatis.session.defaults.DefaultSqlSession@482233df] was not registered for synchronization because synchronization is not active]
[DEBUG][2017-09-03 15:04:08,127][org.mybatis.spring.transaction.SpringManagedTransaction][JDBC Connection [com.alibaba.druid.proxy.jdbc.ConnectionProxyImpl@40f4663] will not be managed by Spring]
[DEBUG][2017-09-03 15:04:08,146][com.xuyh.netserver.modules.sys.dao.UserDao.findAll][==>  Preparing: SELECT a.id, a.company_id AS "company.id", a.office_id AS "office.id", a.login_name, a.password, a.no, a.name, a.email, a.phone, a.mobile, a.user_type, a.login_ip, a.login_date, a.remarks, a.login_flag, a.photo, a.create_by AS "createBy.id", a.create_date, a.update_by AS "updateBy.id", a.update_date, a.del_flag, c.name AS "company.name", c.parent_id AS "company.parent.id", c.parent_ids AS "company.parentIds", ca.id AS "company.area.id", ca.name AS "company.area.name", ca.parent_id AS "company.area.parent.id", ca.parent_ids AS "company.area.parentIds", o.name AS "office.name", o.parent_id AS "office.parent.id", o.parent_ids AS "office.parentIds", oa.id AS "office.area.id", oa.name AS "office.area.name", oa.parent_id AS "office.area.parent.id", oa.parent_ids AS "office.area.parentIds", cu.id AS "company.primaryPerson.id", cu.name AS "company.primaryPerson.name", cu2.id AS "company.deputyPerson.id", cu2.name AS "company.deputyPerson.name", ou.id AS "office.primaryPerson.id", ou.name AS "office.primaryPerson.name", ou2.id AS "office.deputyPerson.id", ou2.name AS "office.deputyPerson.name" FROM sys_user a ]
[DEBUG][2017-09-03 15:04:08,257][com.xuyh.netserver.modules.sys.dao.UserDao.findAll][==> Parameters: ]
[DEBUG][2017-09-03 15:04:08,295][org.mybatis.spring.SqlSessionUtils][Closing non transactional SqlSession [org.apache.ibatis.session.defaults.DefaultSqlSession@482233df]]
[DEBUG][2017-09-03 15:07:43,906][org.mybatis.spring.mapper.ClassPathMapperScanner][Ignored because not a concrete top-level class: file [F:\Idea-workspace\netServer\target\classes\com\xuyh\netserver\common\config\Global.class]]
[DEBUG][2017-09-03 15:07:43,907][org.mybatis.spring.mapper.ClassPathMapperScanner][Ignored because not a concrete top-level class: file [F:\Idea-workspace\netServer\target\classes\com\xuyh\netserver\common\scheduled\ScheduledTaskManager.class]]
[DEBUG][2017-09-03 15:07:43,909][org.mybatis.spring.mapper.ClassPathMapperScanner][Ignored because not a concrete top-level class: file [F:\Idea-workspace\netServer\target\classes\com\xuyh\netserver\common\servlet\ValidateCodeServlet.class]]
[DEBUG][2017-09-03 15:07:43,909][org.mybatis.spring.mapper.ClassPathMapperScanner][Ignored because not a concrete top-level class: file [F:\Idea-workspace\netServer\target\classes\com\xuyh\netserver\common\utils\DBTools.class]]
[DEBUG][2017-09-03 15:07:43,910][org.mybatis.spring.mapper.ClassPathMapperScanner][Ignored because not a concrete top-level class: file [F:\Idea-workspace\netServer\target\classes\com\xuyh\netserver\common\utils\Encodes.class]]
[DEBUG][2017-09-03 15:07:43,910][org.mybatis.spring.mapper.ClassPathMapperScanner][Ignored because not a concrete top-level class: file [F:\Idea-workspace\netServer\target\classes\com\xuyh\netserver\common\utils\Exceptions.class]]
[DEBUG][2017-09-03 15:07:43,912][org.mybatis.spring.mapper.ClassPathMapperScanner][Ignored because not a concrete top-level class: file [F:\Idea-workspace\netServer\target\classes\com\xuyh\netserver\common\utils\PropertiesLoader.class]]
[DEBUG][2017-09-03 15:07:43,912][org.mybatis.spring.mapper.ClassPathMapperScanner][Ignored because not a concrete top-level class: file [F:\Idea-workspace\netServer\target\classes\com\xuyh\netserver\common\utils\SpringContextHolder.class]]
[DEBUG][2017-09-03 15:07:43,914][org.mybatis.spring.mapper.ClassPathMapperScanner][Ignored because not a concrete top-level class: file [F:\Idea-workspace\netServer\target\classes\com\xuyh\netserver\common\utils\StringUtils.class]]
[DEBUG][2017-09-03 15:07:43,916][org.mybatis.spring.mapper.ClassPathMapperScanner][Ignored because not a concrete top-level class: file [F:\Idea-workspace\netServer\target\classes\com\xuyh\netserver\modules\sys\controller\Index.class]]
[DEBUG][2017-09-03 15:07:43,917][org.mybatis.spring.mapper.ClassPathMapperScanner][Ignored because not a concrete top-level class: file [F:\Idea-workspace\netServer\target\classes\com\xuyh\netserver\modules\sys\controller\LoginController.class]]
[DEBUG][2017-09-03 15:07:43,918][org.mybatis.spring.mapper.ClassPathMapperScanner][Identified candidate component class: file [F:\Idea-workspace\netServer\target\classes\com\xuyh\netserver\modules\sys\dao\RoleDao.class]]
[DEBUG][2017-09-03 15:07:43,918][org.mybatis.spring.mapper.ClassPathMapperScanner][Identified candidate component class: file [F:\Idea-workspace\netServer\target\classes\com\xuyh\netserver\modules\sys\dao\UserDao.class]]
[DEBUG][2017-09-03 15:07:43,919][org.mybatis.spring.mapper.ClassPathMapperScanner][Ignored because not a concrete top-level class: file [F:\Idea-workspace\netServer\target\classes\com\xuyh\netserver\modules\sys\entity\Area.class]]
[DEBUG][2017-09-03 15:07:43,919][org.mybatis.spring.mapper.ClassPathMapperScanner][Ignored because not a concrete top-level class: file [F:\Idea-workspace\netServer\target\classes\com\xuyh\netserver\modules\sys\entity\Dict.class]]
[DEBUG][2017-09-03 15:07:43,919][org.mybatis.spring.mapper.ClassPathMapperScanner][Ignored because not a concrete top-level class: file [F:\Idea-workspace\netServer\target\classes\com\xuyh\netserver\modules\sys\entity\Log.class]]
[DEBUG][2017-09-03 15:07:43,920][org.mybatis.spring.mapper.ClassPathMapperScanner][Ignored because not a concrete top-level class: file [F:\Idea-workspace\netServer\target\classes\com\xuyh\netserver\modules\sys\entity\Menu.class]]
[DEBUG][2017-09-03 15:07:43,920][org.mybatis.spring.mapper.ClassPathMapperScanner][Ignored because not a concrete top-level class: file [F:\Idea-workspace\netServer\target\classes\com\xuyh\netserver\modules\sys\entity\Office.class]]
[DEBUG][2017-09-03 15:07:43,920][org.mybatis.spring.mapper.ClassPathMapperScanner][Ignored because not a concrete top-level class: file [F:\Idea-workspace\netServer\target\classes\com\xuyh\netserver\modules\sys\entity\Role.class]]
[DEBUG][2017-09-03 15:07:43,921][org.mybatis.spring.mapper.ClassPathMapperScanner][Ignored because not a concrete top-level class: file [F:\Idea-workspace\netServer\target\classes\com\xuyh\netserver\modules\sys\entity\User.class]]
[DEBUG][2017-09-03 15:07:43,922][org.mybatis.spring.mapper.ClassPathMapperScanner][Ignored because not a concrete top-level class: file [F:\Idea-workspace\netServer\target\classes\com\xuyh\netserver\modules\sys\realm\RetryLimitHashedCredentialsMatcher.class]]
[DEBUG][2017-09-03 15:07:43,923][org.mybatis.spring.mapper.ClassPathMapperScanner][Ignored because not a concrete top-level class: file [F:\Idea-workspace\netServer\target\classes\com\xuyh\netserver\modules\sys\realm\UserRealm.class]]
[DEBUG][2017-09-03 15:07:43,923][org.mybatis.spring.mapper.ClassPathMapperScanner][Identified candidate component class: file [F:\Idea-workspace\netServer\target\classes\com\xuyh\netserver\modules\sys\service\IUserService.class]]
[DEBUG][2017-09-03 15:07:43,924][org.mybatis.spring.mapper.ClassPathMapperScanner][Ignored because not a concrete top-level class: file [F:\Idea-workspace\netServer\target\classes\com\xuyh\netserver\modules\sys\service\UserService.class]]
[DEBUG][2017-09-03 15:07:43,927][org.mybatis.spring.mapper.ClassPathMapperScanner][Ignored because not a concrete top-level class: file [F:\Idea-workspace\netServer\target\classes\com\xuyh\netserver\modules\sys\test\Test1.class]]
[DEBUG][2017-09-03 15:07:43,927][org.mybatis.spring.mapper.ClassPathMapperScanner][Ignored because not a concrete top-level class: file [F:\Idea-workspace\netServer\target\classes\com\xuyh\netserver\test\aop\LoginAspect.class]]
[DEBUG][2017-09-03 15:07:43,928][org.mybatis.spring.mapper.ClassPathMapperScanner][Ignored because not a concrete top-level class: file [F:\Idea-workspace\netServer\target\classes\com\xuyh\netserver\test\aop\LoginTest.class]]
[DEBUG][2017-09-03 15:07:43,929][org.mybatis.spring.mapper.ClassPathMapperScanner][Ignored because not a concrete top-level class: file [F:\Idea-workspace\netServer\target\classes\com\xuyh\netserver\test\aop\MabatisTest.class]]
[DEBUG][2017-09-03 15:07:43,929][org.mybatis.spring.mapper.ClassPathMapperScanner][Ignored because not a concrete top-level class: file [F:\Idea-workspace\netServer\target\classes\com\xuyh\netserver\test\dao\DaoTest.class]]
[DEBUG][2017-09-03 15:07:43,929][org.mybatis.spring.mapper.ClassPathMapperScanner][Ignored because not a concrete top-level class: file [F:\Idea-workspace\netServer\target\classes\com\xuyh\netserver\test\shiro\AuthenticatorTest.class]]
[DEBUG][2017-09-03 15:07:43,930][org.mybatis.spring.mapper.ClassPathMapperScanner][Ignored because not a concrete top-level class: file [F:\Idea-workspace\netServer\target\classes\com\xuyh\netserver\test\shiro\MyRealm.class]]
[DEBUG][2017-09-03 15:07:43,930][org.mybatis.spring.mapper.ClassPathMapperScanner][Ignored because not a concrete top-level class: file [F:\Idea-workspace\netServer\target\classes\com\xuyh\netserver\test\shiro\MyRealm2.class]]
[DEBUG][2017-09-03 15:07:43,931][org.mybatis.spring.mapper.ClassPathMapperScanner][Ignored because not a concrete top-level class: file [F:\Idea-workspace\netServer\target\classes\com\xuyh\netserver\test\shiro\Myrealm3.class]]
[DEBUG][2017-09-03 15:07:43,932][org.mybatis.spring.mapper.ClassPathMapperScanner][Ignored because not a concrete top-level class: file [F:\Idea-workspace\netServer\target\classes\com\xuyh\netserver\test\shiro\ShiroTest.class]]
[DEBUG][2017-09-03 15:07:43,932][org.mybatis.spring.mapper.ClassPathMapperScanner][Ignored because not a concrete top-level class: file [F:\Idea-workspace\netServer\target\classes\com\xuyh\netserver\test\ThreadPool\ConsumerThread.class]]
[DEBUG][2017-09-03 15:07:43,933][org.mybatis.spring.mapper.ClassPathMapperScanner][Ignored because not a concrete top-level class: file [F:\Idea-workspace\netServer\target\classes\com\xuyh\netserver\test\ThreadPool\DataCenterService$1.class]]
[DEBUG][2017-09-03 15:07:43,933][org.mybatis.spring.mapper.ClassPathMapperScanner][Ignored because not a concrete top-level class: file [F:\Idea-workspace\netServer\target\classes\com\xuyh\netserver\test\ThreadPool\DataCenterService.class]]
[DEBUG][2017-09-03 15:07:43,934][org.mybatis.spring.mapper.ClassPathMapperScanner][Creating MapperFactoryBean with name 'roleDao' and 'com.xuyh.netserver.modules.sys.dao.RoleDao' mapperInterface]
[DEBUG][2017-09-03 15:07:43,934][org.mybatis.spring.mapper.ClassPathMapperScanner][Creating MapperFactoryBean with name 'userDao' and 'com.xuyh.netserver.modules.sys.dao.UserDao' mapperInterface]
[DEBUG][2017-09-03 15:07:43,934][org.mybatis.spring.mapper.ClassPathMapperScanner][Creating MapperFactoryBean with name 'IUserService' and 'com.xuyh.netserver.modules.sys.service.IUserService' mapperInterface]
[DEBUG][2017-09-03 15:07:48,002][org.mybatis.spring.SqlSessionFactoryBean][Scanned package: 'com.xuyh.netserver.modules.sys.entity' for aliases]
[DEBUG][2017-09-03 15:07:48,258][org.mybatis.spring.SqlSessionFactoryBean][Parsed configuration file: 'class path resource [mybatis-config.xml]']
[DEBUG][2017-09-03 15:07:49,020][org.mybatis.spring.SqlSessionFactoryBean][Parsed mapper file: 'file [F:\Idea-workspace\netServer\target\classes\mapper\sys\UserDao.xml]']
[DEBUG][2017-09-03 15:07:50,273][net.sf.ehcache.config.ConfigurationFactory][Configuring ehcache from InputStream]
[DEBUG][2017-09-03 15:07:50,310][net.sf.ehcache.config.DiskStoreConfiguration][Disk Store Path: temp/netServer/ehcache]
[DEBUG][2017-09-03 15:07:50,376][net.sf.ehcache.util.PropertyUtil][propertiesString is null.]
[DEBUG][2017-09-03 15:07:50,409][net.sf.ehcache.config.ConfigurationHelper][No CacheManagerEventListenerFactory class specified. Skipping...]
[DEBUG][2017-09-03 15:07:50,449][net.sf.ehcache.Cache][No BootstrapCacheLoaderFactory class specified. Skipping...]
[DEBUG][2017-09-03 15:07:50,449][net.sf.ehcache.Cache][CacheWriter factory not configured. Skipping...]
[DEBUG][2017-09-03 15:07:50,456][net.sf.ehcache.config.ConfigurationHelper][No CacheExceptionHandlerFactory class specified. Skipping...]
[DEBUG][2017-09-03 15:07:50,473][net.sf.ehcache.Cache][No BootstrapCacheLoaderFactory class specified. Skipping...]
[DEBUG][2017-09-03 15:07:50,473][net.sf.ehcache.Cache][CacheWriter factory not configured. Skipping...]
[DEBUG][2017-09-03 15:07:50,473][net.sf.ehcache.config.ConfigurationHelper][No CacheExceptionHandlerFactory class specified. Skipping...]
[DEBUG][2017-09-03 15:07:50,474][net.sf.ehcache.Cache][No BootstrapCacheLoaderFactory class specified. Skipping...]
[DEBUG][2017-09-03 15:07:50,474][net.sf.ehcache.Cache][CacheWriter factory not configured. Skipping...]
[DEBUG][2017-09-03 15:07:50,474][net.sf.ehcache.config.ConfigurationHelper][No CacheExceptionHandlerFactory class specified. Skipping...]
[DEBUG][2017-09-03 15:07:50,475][net.sf.ehcache.Cache][No BootstrapCacheLoaderFactory class specified. Skipping...]
[DEBUG][2017-09-03 15:07:50,476][net.sf.ehcache.Cache][CacheWriter factory not configured. Skipping...]
[DEBUG][2017-09-03 15:07:50,476][net.sf.ehcache.config.ConfigurationHelper][No CacheExceptionHandlerFactory class specified. Skipping...]
[DEBUG][2017-09-03 15:07:50,476][net.sf.ehcache.Cache][No BootstrapCacheLoaderFactory class specified. Skipping...]
[DEBUG][2017-09-03 15:07:50,476][net.sf.ehcache.Cache][CacheWriter factory not configured. Skipping...]
[DEBUG][2017-09-03 15:07:50,476][net.sf.ehcache.config.ConfigurationHelper][No CacheExceptionHandlerFactory class specified. Skipping...]
[DEBUG][2017-09-03 15:07:50,476][net.sf.ehcache.Cache][No BootstrapCacheLoaderFactory class specified. Skipping...]
[DEBUG][2017-09-03 15:07:50,477][net.sf.ehcache.Cache][CacheWriter factory not configured. Skipping...]
[DEBUG][2017-09-03 15:07:50,477][net.sf.ehcache.config.ConfigurationHelper][No CacheExceptionHandlerFactory class specified. Skipping...]
[DEBUG][2017-09-03 15:07:50,477][net.sf.ehcache.Cache][No BootstrapCacheLoaderFactory class specified. Skipping...]
[DEBUG][2017-09-03 15:07:50,477][net.sf.ehcache.Cache][CacheWriter factory not configured. Skipping...]
[DEBUG][2017-09-03 15:07:50,477][net.sf.ehcache.config.ConfigurationHelper][No CacheExceptionHandlerFactory class specified. Skipping...]
[DEBUG][2017-09-03 15:07:50,478][net.sf.ehcache.Cache][No BootstrapCacheLoaderFactory class specified. Skipping...]
[DEBUG][2017-09-03 15:07:50,478][net.sf.ehcache.Cache][CacheWriter factory not configured. Skipping...]
[DEBUG][2017-09-03 15:07:50,478][net.sf.ehcache.config.ConfigurationHelper][No CacheExceptionHandlerFactory class specified. Skipping...]
[DEBUG][2017-09-03 15:07:50,555][net.sf.ehcache.store.MemoryStore][Initialized net.sf.ehcache.store.MemoryStore for cmsCache]
[DEBUG][2017-09-03 15:07:50,583][net.sf.ehcache.DiskStorePathManager][Using diskstore path temp\netServer\ehcache]
[DEBUG][2017-09-03 15:07:50,583][net.sf.ehcache.DiskStorePathManager][Holding exclusive lock on F:\Idea-workspace\netServer\temp\netServer\ehcache\.ehcache-diskstore.lock]
[DEBUG][2017-09-03 15:07:50,591][net.sf.ehcache.store.disk.DiskStorageFactory][Failed to delete file cms%0043ache.index]
[DEBUG][2017-09-03 15:07:50,613][net.sf.ehcache.store.disk.DiskStorageFactory][Matching data file missing (or empty) for index file. Deleting index file temp\netServer\ehcache\cms%0043ache.index]
[DEBUG][2017-09-03 15:07:50,614][net.sf.ehcache.store.disk.DiskStorageFactory][Failed to delete file cms%0043ache.index]
[DEBUG][2017-09-03 15:07:50,637][net.sf.ehcache.Cache][Initialised cache: cmsCache]
[DEBUG][2017-09-03 15:07:50,638][net.sf.ehcache.config.ConfigurationHelper][CacheDecoratorFactory not configured. Skipping for 'cmsCache'.]
[DEBUG][2017-09-03 15:07:50,638][net.sf.ehcache.config.ConfigurationHelper][CacheDecoratorFactory not configured for defaultCache. Skipping for 'cmsCache'.]
[DEBUG][2017-09-03 15:07:50,639][net.sf.ehcache.store.MemoryStore][Initialized net.sf.ehcache.store.MemoryStore for sysCache]
[DEBUG][2017-09-03 15:07:50,647][net.sf.ehcache.store.disk.DiskStorageFactory][Failed to delete file sys%0043ache.index]
[DEBUG][2017-09-03 15:07:50,649][net.sf.ehcache.store.disk.DiskStorageFactory][Matching data file missing (or empty) for index file. Deleting index file temp\netServer\ehcache\sys%0043ache.index]
[DEBUG][2017-09-03 15:07:50,649][net.sf.ehcache.store.disk.DiskStorageFactory][Failed to delete file sys%0043ache.index]
[DEBUG][2017-09-03 15:07:50,650][net.sf.ehcache.Cache][Initialised cache: sysCache]
[DEBUG][2017-09-03 15:07:50,651][net.sf.ehcache.config.ConfigurationHelper][CacheDecoratorFactory not configured. Skipping for 'sysCache'.]
[DEBUG][2017-09-03 15:07:50,651][net.sf.ehcache.config.ConfigurationHelper][CacheDecoratorFactory not configured for defaultCache. Skipping for 'sysCache'.]
[DEBUG][2017-09-03 15:07:50,657][net.sf.ehcache.store.MemoryStore][Initialized net.sf.ehcache.store.MemoryStore for activeSessionsCache]
[DEBUG][2017-09-03 15:07:50,661][net.sf.ehcache.store.disk.DiskStorageFactory][Matching data file missing (or empty) for index file. Deleting index file temp\netServer\ehcache\active%0053essions%0043ache.index]
[DEBUG][2017-09-03 15:07:50,662][net.sf.ehcache.store.disk.DiskStorageFactory][Failed to delete file active%0053essions%0043ache.index]
[DEBUG][2017-09-03 15:07:50,664][net.sf.ehcache.Cache][Initialised cache: activeSessionsCache]
[DEBUG][2017-09-03 15:07:50,664][net.sf.ehcache.config.ConfigurationHelper][CacheDecoratorFactory not configured. Skipping for 'activeSessionsCache'.]
[DEBUG][2017-09-03 15:07:50,664][net.sf.ehcache.config.ConfigurationHelper][CacheDecoratorFactory not configured for defaultCache. Skipping for 'activeSessionsCache'.]
[DEBUG][2017-09-03 15:07:50,666][net.sf.ehcache.store.MemoryStore][Initialized net.sf.ehcache.store.MemoryStore for pageCachingFilter]
[DEBUG][2017-09-03 15:07:50,668][net.sf.ehcache.store.disk.DiskStorageFactory][Failed to delete file page%0043aching%0046ilter.index]
[DEBUG][2017-09-03 15:07:50,670][net.sf.ehcache.store.disk.DiskStorageFactory][Matching data file missing (or empty) for index file. Deleting index file temp\netServer\ehcache\page%0043aching%0046ilter.index]
[DEBUG][2017-09-03 15:07:50,670][net.sf.ehcache.store.disk.DiskStorageFactory][Failed to delete file page%0043aching%0046ilter.index]
[DEBUG][2017-09-03 15:07:50,671][net.sf.ehcache.Cache][Initialised cache: pageCachingFilter]
[DEBUG][2017-09-03 15:07:50,671][net.sf.ehcache.config.ConfigurationHelper][CacheDecoratorFactory not configured. Skipping for 'pageCachingFilter'.]
[DEBUG][2017-09-03 15:07:50,671][net.sf.ehcache.config.ConfigurationHelper][CacheDecoratorFactory not configured for defaultCache. Skipping for 'pageCachingFilter'.]
[DEBUG][2017-09-03 15:07:50,672][net.sf.ehcache.store.MemoryStore][Initialized net.sf.ehcache.store.MemoryStore for corpCache]
[DEBUG][2017-09-03 15:07:50,676][net.sf.ehcache.store.disk.DiskStorageFactory][Failed to delete file corp%0043ache.index]
[DEBUG][2017-09-03 15:07:50,678][net.sf.ehcache.store.disk.DiskStorageFactory][Matching data file missing (or empty) for index file. Deleting index file temp\netServer\ehcache\corp%0043ache.index]
[DEBUG][2017-09-03 15:07:50,679][net.sf.ehcache.store.disk.DiskStorageFactory][Failed to delete file corp%0043ache.index]
[DEBUG][2017-09-03 15:07:50,682][net.sf.ehcache.Cache][Initialised cache: corpCache]
[DEBUG][2017-09-03 15:07:50,682][net.sf.ehcache.config.ConfigurationHelper][CacheDecoratorFactory not configured. Skipping for 'corpCache'.]
[DEBUG][2017-09-03 15:07:50,683][net.sf.ehcache.config.ConfigurationHelper][CacheDecoratorFactory not configured for defaultCache. Skipping for 'corpCache'.]
[DEBUG][2017-09-03 15:07:50,683][net.sf.ehcache.store.MemoryStore][Initialized net.sf.ehcache.store.MemoryStore for userCache]
[DEBUG][2017-09-03 15:07:50,686][net.sf.ehcache.store.disk.DiskStorageFactory][Failed to delete file user%0043ache.index]
[DEBUG][2017-09-03 15:07:50,688][net.sf.ehcache.store.disk.DiskStorageFactory][Matching data file missing (or empty) for index file. Deleting index file temp\netServer\ehcache\user%0043ache.index]
[DEBUG][2017-09-03 15:07:50,688][net.sf.ehcache.store.disk.DiskStorageFactory][Failed to delete file user%0043ache.index]
[DEBUG][2017-09-03 15:07:50,689][net.sf.ehcache.Cache][Initialised cache: userCache]
[DEBUG][2017-09-03 15:07:50,690][net.sf.ehcache.config.ConfigurationHelper][CacheDecoratorFactory not configured. Skipping for 'userCache'.]
[DEBUG][2017-09-03 15:07:50,690][net.sf.ehcache.config.ConfigurationHelper][CacheDecoratorFactory not configured for defaultCache. Skipping for 'userCache'.]
[DEBUG][2017-09-03 15:07:50,692][net.sf.ehcache.store.MemoryStore][Initialized net.sf.ehcache.store.MemoryStore for actCache]
[DEBUG][2017-09-03 15:07:50,697][net.sf.ehcache.store.disk.DiskStorageFactory][Failed to delete file act%0043ache.index]
[DEBUG][2017-09-03 15:07:50,699][net.sf.ehcache.store.disk.DiskStorageFactory][Matching data file missing (or empty) for index file. Deleting index file temp\netServer\ehcache\act%0043ache.index]
[DEBUG][2017-09-03 15:07:50,699][net.sf.ehcache.store.disk.DiskStorageFactory][Failed to delete file act%0043ache.index]
[DEBUG][2017-09-03 15:07:50,700][net.sf.ehcache.Cache][Initialised cache: actCache]
[DEBUG][2017-09-03 15:07:50,700][net.sf.ehcache.config.ConfigurationHelper][CacheDecoratorFactory not configured. Skipping for 'actCache'.]
[DEBUG][2017-09-03 15:07:50,700][net.sf.ehcache.config.ConfigurationHelper][CacheDecoratorFactory not configured for defaultCache. Skipping for 'actCache'.]
[DEBUG][2017-09-03 15:10:59,791][org.mybatis.spring.SqlSessionUtils][Creating a new SqlSession]
[DEBUG][2017-09-03 15:10:59,810][org.mybatis.spring.SqlSessionUtils][SqlSession [org.apache.ibatis.session.defaults.DefaultSqlSession@6bcfa3b3] was not registered for synchronization because synchronization is not active]
[DEBUG][2017-09-03 15:10:59,858][org.mybatis.spring.transaction.SpringManagedTransaction][JDBC Connection [com.alibaba.druid.proxy.jdbc.ConnectionProxyImpl@7b5a5b39] will not be managed by Spring]
[DEBUG][2017-09-03 15:10:59,875][com.xuyh.netserver.modules.sys.dao.UserDao.findAll][==>  Preparing: SELECT a.id, a.company_id AS "company.id", a.office_id AS "office.id", a.login_name, a.password, a.no, a.name, a.email, a.phone, a.mobile, a.user_type, a.login_ip, a.login_date, a.remarks, a.login_flag, a.photo, a.create_by AS "createBy.id", a.create_date, a.update_by AS "updateBy.id", a.update_date, a.del_flag, c.name AS "company.name", c.parent_id AS "company.parent.id", c.parent_ids AS "company.parentIds", ca.id AS "company.area.id", ca.name AS "company.area.name", ca.parent_id AS "company.area.parent.id", ca.parent_ids AS "company.area.parentIds", o.name AS "office.name", o.parent_id AS "office.parent.id", o.parent_ids AS "office.parentIds", oa.id AS "office.area.id", oa.name AS "office.area.name", oa.parent_id AS "office.area.parent.id", oa.parent_ids AS "office.area.parentIds", cu.id AS "company.primaryPerson.id", cu.name AS "company.primaryPerson.name", cu2.id AS "company.deputyPerson.id", cu2.name AS "company.deputyPerson.name", ou.id AS "office.primaryPerson.id", ou.name AS "office.primaryPerson.name", ou2.id AS "office.deputyPerson.id", ou2.name AS "office.deputyPerson.name" FROM sys_user a ]
[DEBUG][2017-09-03 15:11:00,127][com.xuyh.netserver.modules.sys.dao.UserDao.findAll][==> Parameters: ]
[DEBUG][2017-09-03 15:11:00,196][org.mybatis.spring.SqlSessionUtils][Closing non transactional SqlSession [org.apache.ibatis.session.defaults.DefaultSqlSession@6bcfa3b3]]
[DEBUG][2017-09-03 15:15:20,315][org.mybatis.spring.mapper.ClassPathMapperScanner][Ignored because not a concrete top-level class: file [F:\Idea-workspace\netServer\target\classes\com\xuyh\netserver\common\config\Global.class]]
[DEBUG][2017-09-03 15:15:20,316][org.mybatis.spring.mapper.ClassPathMapperScanner][Ignored because not a concrete top-level class: file [F:\Idea-workspace\netServer\target\classes\com\xuyh\netserver\common\scheduled\ScheduledTaskManager.class]]
[DEBUG][2017-09-03 15:15:20,317][org.mybatis.spring.mapper.ClassPathMapperScanner][Ignored because not a concrete top-level class: file [F:\Idea-workspace\netServer\target\classes\com\xuyh\netserver\common\servlet\ValidateCodeServlet.class]]
[DEBUG][2017-09-03 15:15:20,318][org.mybatis.spring.mapper.ClassPathMapperScanner][Ignored because not a concrete top-level class: file [F:\Idea-workspace\netServer\target\classes\com\xuyh\netserver\common\utils\DBTools.class]]
[DEBUG][2017-09-03 15:15:20,318][org.mybatis.spring.mapper.ClassPathMapperScanner][Ignored because not a concrete top-level class: file [F:\Idea-workspace\netServer\target\classes\com\xuyh\netserver\common\utils\Encodes.class]]
[DEBUG][2017-09-03 15:15:20,319][org.mybatis.spring.mapper.ClassPathMapperScanner][Ignored because not a concrete top-level class: file [F:\Idea-workspace\netServer\target\classes\com\xuyh\netserver\common\utils\Exceptions.class]]
[DEBUG][2017-09-03 15:15:20,320][org.mybatis.spring.mapper.ClassPathMapperScanner][Ignored because not a concrete top-level class: file [F:\Idea-workspace\netServer\target\classes\com\xuyh\netserver\common\utils\PropertiesLoader.class]]
[DEBUG][2017-09-03 15:15:20,322][org.mybatis.spring.mapper.ClassPathMapperScanner][Ignored because not a concrete top-level class: file [F:\Idea-workspace\netServer\target\classes\com\xuyh\netserver\common\utils\SpringContextHolder.class]]
[DEBUG][2017-09-03 15:15:20,323][org.mybatis.spring.mapper.ClassPathMapperScanner][Ignored because not a concrete top-level class: file [F:\Idea-workspace\netServer\target\classes\com\xuyh\netserver\common\utils\StringUtils.class]]
[DEBUG][2017-09-03 15:15:20,327][org.mybatis.spring.mapper.ClassPathMapperScanner][Ignored because not a concrete top-level class: file [F:\Idea-workspace\netServer\target\classes\com\xuyh\netserver\modules\sys\controller\Index.class]]
[DEBUG][2017-09-03 15:15:20,327][org.mybatis.spring.mapper.ClassPathMapperScanner][Ignored because not a concrete top-level class: file [F:\Idea-workspace\netServer\target\classes\com\xuyh\netserver\modules\sys\controller\LoginController.class]]
[DEBUG][2017-09-03 15:15:20,328][org.mybatis.spring.mapper.ClassPathMapperScanner][Identified candidate component class: file [F:\Idea-workspace\netServer\target\classes\com\xuyh\netserver\modules\sys\dao\RoleDao.class]]
[DEBUG][2017-09-03 15:15:20,328][org.mybatis.spring.mapper.ClassPathMapperScanner][Identified candidate component class: file [F:\Idea-workspace\netServer\target\classes\com\xuyh\netserver\modules\sys\dao\UserDao.class]]
[DEBUG][2017-09-03 15:15:20,329][org.mybatis.spring.mapper.ClassPathMapperScanner][Ignored because not a concrete top-level class: file [F:\Idea-workspace\netServer\target\classes\com\xuyh\netserver\modules\sys\entity\Area.class]]
[DEBUG][2017-09-03 15:15:20,330][org.mybatis.spring.mapper.ClassPathMapperScanner][Ignored because not a concrete top-level class: file [F:\Idea-workspace\netServer\target\classes\com\xuyh\netserver\modules\sys\entity\Dict.class]]
[DEBUG][2017-09-03 15:15:20,330][org.mybatis.spring.mapper.ClassPathMapperScanner][Ignored because not a concrete top-level class: file [F:\Idea-workspace\netServer\target\classes\com\xuyh\netserver\modules\sys\entity\Log.class]]
[DEBUG][2017-09-03 15:15:20,331][org.mybatis.spring.mapper.ClassPathMapperScanner][Ignored because not a concrete top-level class: file [F:\Idea-workspace\netServer\target\classes\com\xuyh\netserver\modules\sys\entity\Menu.class]]
[DEBUG][2017-09-03 15:15:20,331][org.mybatis.spring.mapper.ClassPathMapperScanner][Ignored because not a concrete top-level class: file [F:\Idea-workspace\netServer\target\classes\com\xuyh\netserver\modules\sys\entity\Office.class]]
[DEBUG][2017-09-03 15:15:20,331][org.mybatis.spring.mapper.ClassPathMapperScanner][Ignored because not a concrete top-level class: file [F:\Idea-workspace\netServer\target\classes\com\xuyh\netserver\modules\sys\entity\Role.class]]
[DEBUG][2017-09-03 15:15:20,333][org.mybatis.spring.mapper.ClassPathMapperScanner][Ignored because not a concrete top-level class: file [F:\Idea-workspace\netServer\target\classes\com\xuyh\netserver\modules\sys\entity\User.class]]
[DEBUG][2017-09-03 15:15:20,334][org.mybatis.spring.mapper.ClassPathMapperScanner][Ignored because not a concrete top-level class: file [F:\Idea-workspace\netServer\target\classes\com\xuyh\netserver\modules\sys\realm\RetryLimitHashedCredentialsMatcher.class]]
[DEBUG][2017-09-03 15:15:20,335][org.mybatis.spring.mapper.ClassPathMapperScanner][Ignored because not a concrete top-level class: file [F:\Idea-workspace\netServer\target\classes\com\xuyh\netserver\modules\sys\realm\UserRealm.class]]
[DEBUG][2017-09-03 15:15:20,335][org.mybatis.spring.mapper.ClassPathMapperScanner][Identified candidate component class: file [F:\Idea-workspace\netServer\target\classes\com\xuyh\netserver\modules\sys\service\IUserService.class]]
[DEBUG][2017-09-03 15:15:20,336][org.mybatis.spring.mapper.ClassPathMapperScanner][Ignored because not a concrete top-level class: file [F:\Idea-workspace\netServer\target\classes\com\xuyh\netserver\modules\sys\service\UserService.class]]
[DEBUG][2017-09-03 15:15:20,337][org.mybatis.spring.mapper.ClassPathMapperScanner][Ignored because not a concrete top-level class: file [F:\Idea-workspace\netServer\target\classes\com\xuyh\netserver\modules\sys\test\Test1.class]]
[DEBUG][2017-09-03 15:15:20,337][org.mybatis.spring.mapper.ClassPathMapperScanner][Ignored because not a concrete top-level class: file [F:\Idea-workspace\netServer\target\classes\com\xuyh\netserver\test\aop\LoginAspect.class]]
[DEBUG][2017-09-03 15:15:20,338][org.mybatis.spring.mapper.ClassPathMapperScanner][Ignored because not a concrete top-level class: file [F:\Idea-workspace\netServer\target\classes\com\xuyh\netserver\test\aop\LoginTest.class]]
[DEBUG][2017-09-03 15:15:20,339][org.mybatis.spring.mapper.ClassPathMapperScanner][Ignored because not a concrete top-level class: file [F:\Idea-workspace\netServer\target\classes\com\xuyh\netserver\test\aop\MabatisTest.class]]
[DEBUG][2017-09-03 15:15:20,339][org.mybatis.spring.mapper.ClassPathMapperScanner][Ignored because not a concrete top-level class: file [F:\Idea-workspace\netServer\target\classes\com\xuyh\netserver\test\dao\DaoTest.class]]
[DEBUG][2017-09-03 15:15:20,339][org.mybatis.spring.mapper.ClassPathMapperScanner][Ignored because not a concrete top-level class: file [F:\Idea-workspace\netServer\target\classes\com\xuyh\netserver\test\shiro\AuthenticatorTest.class]]
[DEBUG][2017-09-03 15:15:20,340][org.mybatis.spring.mapper.ClassPathMapperScanner][Ignored because not a concrete top-level class: file [F:\Idea-workspace\netServer\target\classes\com\xuyh\netserver\test\shiro\MyRealm.class]]
[DEBUG][2017-09-03 15:15:20,341][org.mybatis.spring.mapper.ClassPathMapperScanner][Ignored because not a concrete top-level class: file [F:\Idea-workspace\netServer\target\classes\com\xuyh\netserver\test\shiro\MyRealm2.class]]
[DEBUG][2017-09-03 15:15:20,341][org.mybatis.spring.mapper.ClassPathMapperScanner][Ignored because not a concrete top-level class: file [F:\Idea-workspace\netServer\target\classes\com\xuyh\netserver\test\shiro\Myrealm3.class]]
[DEBUG][2017-09-03 15:15:20,342][org.mybatis.spring.mapper.ClassPathMapperScanner][Ignored because not a concrete top-level class: file [F:\Idea-workspace\netServer\target\classes\com\xuyh\netserver\test\shiro\ShiroTest.class]]
[DEBUG][2017-09-03 15:15:20,342][org.mybatis.spring.mapper.ClassPathMapperScanner][Ignored because not a concrete top-level class: file [F:\Idea-workspace\netServer\target\classes\com\xuyh\netserver\test\ThreadPool\ConsumerThread.class]]
[DEBUG][2017-09-03 15:15:20,343][org.mybatis.spring.mapper.ClassPathMapperScanner][Ignored because not a concrete top-level class: file [F:\Idea-workspace\netServer\target\classes\com\xuyh\netserver\test\ThreadPool\DataCenterService$1.class]]
[DEBUG][2017-09-03 15:15:20,343][org.mybatis.spring.mapper.ClassPathMapperScanner][Ignored because not a concrete top-level class: file [F:\Idea-workspace\netServer\target\classes\com\xuyh\netserver\test\ThreadPool\DataCenterService.class]]
[DEBUG][2017-09-03 15:15:20,344][org.mybatis.spring.mapper.ClassPathMapperScanner][Creating MapperFactoryBean with name 'roleDao' and 'com.xuyh.netserver.modules.sys.dao.RoleDao' mapperInterface]
[DEBUG][2017-09-03 15:15:20,344][org.mybatis.spring.mapper.ClassPathMapperScanner][Creating MapperFactoryBean with name 'userDao' and 'com.xuyh.netserver.modules.sys.dao.UserDao' mapperInterface]
[DEBUG][2017-09-03 15:15:20,344][org.mybatis.spring.mapper.ClassPathMapperScanner][Creating MapperFactoryBean with name 'IUserService' and 'com.xuyh.netserver.modules.sys.service.IUserService' mapperInterface]
[DEBUG][2017-09-03 15:15:21,661][org.mybatis.spring.SqlSessionFactoryBean][Scanned package: 'com.xuyh.netserver.modules.sys.entity' for aliases]
[DEBUG][2017-09-03 15:15:21,737][org.mybatis.spring.SqlSessionFactoryBean][Parsed configuration file: 'class path resource [mybatis-config.xml]']
[DEBUG][2017-09-03 15:15:21,894][org.mybatis.spring.SqlSessionFactoryBean][Parsed mapper file: 'file [F:\Idea-workspace\netServer\target\classes\mapper\sys\UserDao.xml]']
[DEBUG][2017-09-03 15:15:22,235][net.sf.ehcache.config.ConfigurationFactory][Configuring ehcache from InputStream]
[DEBUG][2017-09-03 15:15:22,257][net.sf.ehcache.config.DiskStoreConfiguration][Disk Store Path: temp/netServer/ehcache]
[DEBUG][2017-09-03 15:15:22,294][net.sf.ehcache.util.PropertyUtil][propertiesString is null.]
[DEBUG][2017-09-03 15:15:22,319][net.sf.ehcache.config.ConfigurationHelper][No CacheManagerEventListenerFactory class specified. Skipping...]
[DEBUG][2017-09-03 15:15:22,346][net.sf.ehcache.Cache][No BootstrapCacheLoaderFactory class specified. Skipping...]
[DEBUG][2017-09-03 15:15:22,346][net.sf.ehcache.Cache][CacheWriter factory not configured. Skipping...]
[DEBUG][2017-09-03 15:15:22,350][net.sf.ehcache.config.ConfigurationHelper][No CacheExceptionHandlerFactory class specified. Skipping...]
[DEBUG][2017-09-03 15:15:22,360][net.sf.ehcache.Cache][No BootstrapCacheLoaderFactory class specified. Skipping...]
[DEBUG][2017-09-03 15:15:22,360][net.sf.ehcache.Cache][CacheWriter factory not configured. Skipping...]
[DEBUG][2017-09-03 15:15:22,360][net.sf.ehcache.config.ConfigurationHelper][No CacheExceptionHandlerFactory class specified. Skipping...]
[DEBUG][2017-09-03 15:15:22,360][net.sf.ehcache.Cache][No BootstrapCacheLoaderFactory class specified. Skipping...]
[DEBUG][2017-09-03 15:15:22,360][net.sf.ehcache.Cache][CacheWriter factory not configured. Skipping...]
[DEBUG][2017-09-03 15:15:22,360][net.sf.ehcache.config.ConfigurationHelper][No CacheExceptionHandlerFactory class specified. Skipping...]
[DEBUG][2017-09-03 15:15:22,361][net.sf.ehcache.Cache][No BootstrapCacheLoaderFactory class specified. Skipping...]
[DEBUG][2017-09-03 15:15:22,361][net.sf.ehcache.Cache][CacheWriter factory not configured. Skipping...]
[DEBUG][2017-09-03 15:15:22,361][net.sf.ehcache.config.ConfigurationHelper][No CacheExceptionHandlerFactory class specified. Skipping...]
[DEBUG][2017-09-03 15:15:22,361][net.sf.ehcache.Cache][No BootstrapCacheLoaderFactory class specified. Skipping...]
[DEBUG][2017-09-03 15:15:22,361][net.sf.ehcache.Cache][CacheWriter factory not configured. Skipping...]
[DEBUG][2017-09-03 15:15:22,361][net.sf.ehcache.config.ConfigurationHelper][No CacheExceptionHandlerFactory class specified. Skipping...]
[DEBUG][2017-09-03 15:15:22,361][net.sf.ehcache.Cache][No BootstrapCacheLoaderFactory class specified. Skipping...]
[DEBUG][2017-09-03 15:15:22,361][net.sf.ehcache.Cache][CacheWriter factory not configured. Skipping...]
[DEBUG][2017-09-03 15:15:22,361][net.sf.ehcache.config.ConfigurationHelper][No CacheExceptionHandlerFactory class specified. Skipping...]
[DEBUG][2017-09-03 15:15:22,361][net.sf.ehcache.Cache][No BootstrapCacheLoaderFactory class specified. Skipping...]
[DEBUG][2017-09-03 15:15:22,361][net.sf.ehcache.Cache][CacheWriter factory not configured. Skipping...]
[DEBUG][2017-09-03 15:15:22,361][net.sf.ehcache.config.ConfigurationHelper][No CacheExceptionHandlerFactory class specified. Skipping...]
[DEBUG][2017-09-03 15:15:22,362][net.sf.ehcache.Cache][No BootstrapCacheLoaderFactory class specified. Skipping...]
[DEBUG][2017-09-03 15:15:22,362][net.sf.ehcache.Cache][CacheWriter factory not configured. Skipping...]
[DEBUG][2017-09-03 15:15:22,362][net.sf.ehcache.config.ConfigurationHelper][No CacheExceptionHandlerFactory class specified. Skipping...]
[DEBUG][2017-09-03 15:15:22,389][net.sf.ehcache.store.MemoryStore][Initialized net.sf.ehcache.store.MemoryStore for cmsCache]
[DEBUG][2017-09-03 15:15:22,402][net.sf.ehcache.DiskStorePathManager][Using diskstore path temp\netServer\ehcache]
[DEBUG][2017-09-03 15:15:22,402][net.sf.ehcache.DiskStorePathManager][Holding exclusive lock on F:\Idea-workspace\netServer\temp\netServer\ehcache\.ehcache-diskstore.lock]
[DEBUG][2017-09-03 15:15:22,403][net.sf.ehcache.store.disk.DiskStorageFactory][Failed to delete file cms%0043ache.index]
[DEBUG][2017-09-03 15:15:22,413][net.sf.ehcache.store.disk.DiskStorageFactory][Matching data file missing (or empty) for index file. Deleting index file temp\netServer\ehcache\cms%0043ache.index]
[DEBUG][2017-09-03 15:15:22,413][net.sf.ehcache.store.disk.DiskStorageFactory][Failed to delete file cms%0043ache.index]
[DEBUG][2017-09-03 15:15:22,424][net.sf.ehcache.Cache][Initialised cache: cmsCache]
[DEBUG][2017-09-03 15:15:22,425][net.sf.ehcache.config.ConfigurationHelper][CacheDecoratorFactory not configured. Skipping for 'cmsCache'.]
[DEBUG][2017-09-03 15:15:22,425][net.sf.ehcache.config.ConfigurationHelper][CacheDecoratorFactory not configured for defaultCache. Skipping for 'cmsCache'.]
[DEBUG][2017-09-03 15:15:22,425][net.sf.ehcache.store.MemoryStore][Initialized net.sf.ehcache.store.MemoryStore for userCache]
[DEBUG][2017-09-03 15:15:22,427][net.sf.ehcache.store.disk.DiskStorageFactory][Failed to delete file user%0043ache.index]
[DEBUG][2017-09-03 15:15:22,428][net.sf.ehcache.store.disk.DiskStorageFactory][Matching data file missing (or empty) for index file. Deleting index file temp\netServer\ehcache\user%0043ache.index]
[DEBUG][2017-09-03 15:15:22,428][net.sf.ehcache.store.disk.DiskStorageFactory][Failed to delete file user%0043ache.index]
[DEBUG][2017-09-03 15:15:22,429][net.sf.ehcache.Cache][Initialised cache: userCache]
[DEBUG][2017-09-03 15:15:22,429][net.sf.ehcache.config.ConfigurationHelper][CacheDecoratorFactory not configured. Skipping for 'userCache'.]
[DEBUG][2017-09-03 15:15:22,429][net.sf.ehcache.config.ConfigurationHelper][CacheDecoratorFactory not configured for defaultCache. Skipping for 'userCache'.]
[DEBUG][2017-09-03 15:15:22,430][net.sf.ehcache.store.MemoryStore][Initialized net.sf.ehcache.store.MemoryStore for pageCachingFilter]
[DEBUG][2017-09-03 15:15:22,432][net.sf.ehcache.store.disk.DiskStorageFactory][Failed to delete file page%0043aching%0046ilter.index]
[DEBUG][2017-09-03 15:15:22,433][net.sf.ehcache.store.disk.DiskStorageFactory][Matching data file missing (or empty) for index file. Deleting index file temp\netServer\ehcache\page%0043aching%0046ilter.index]
[DEBUG][2017-09-03 15:15:22,433][net.sf.ehcache.store.disk.DiskStorageFactory][Failed to delete file page%0043aching%0046ilter.index]
[DEBUG][2017-09-03 15:15:22,433][net.sf.ehcache.Cache][Initialised cache: pageCachingFilter]
[DEBUG][2017-09-03 15:15:22,433][net.sf.ehcache.config.ConfigurationHelper][CacheDecoratorFactory not configured. Skipping for 'pageCachingFilter'.]
[DEBUG][2017-09-03 15:15:22,433][net.sf.ehcache.config.ConfigurationHelper][CacheDecoratorFactory not configured for defaultCache. Skipping for 'pageCachingFilter'.]
[DEBUG][2017-09-03 15:15:22,434][net.sf.ehcache.store.MemoryStore][Initialized net.sf.ehcache.store.MemoryStore for corpCache]
[DEBUG][2017-09-03 15:15:22,435][net.sf.ehcache.store.disk.DiskStorageFactory][Failed to delete file corp%0043ache.index]
[DEBUG][2017-09-03 15:15:22,436][net.sf.ehcache.store.disk.DiskStorageFactory][Matching data file missing (or empty) for index file. Deleting index file temp\netServer\ehcache\corp%0043ache.index]
[DEBUG][2017-09-03 15:15:22,436][net.sf.ehcache.store.disk.DiskStorageFactory][Failed to delete file corp%0043ache.index]
[DEBUG][2017-09-03 15:15:22,437][net.sf.ehcache.Cache][Initialised cache: corpCache]
[DEBUG][2017-09-03 15:15:22,437][net.sf.ehcache.config.ConfigurationHelper][CacheDecoratorFactory not configured. Skipping for 'corpCache'.]
[DEBUG][2017-09-03 15:15:22,437][net.sf.ehcache.config.ConfigurationHelper][CacheDecoratorFactory not configured for defaultCache. Skipping for 'corpCache'.]
[DEBUG][2017-09-03 15:15:22,437][net.sf.ehcache.store.MemoryStore][Initialized net.sf.ehcache.store.MemoryStore for sysCache]
[DEBUG][2017-09-03 15:15:22,440][net.sf.ehcache.store.disk.DiskStorageFactory][Failed to delete file sys%0043ache.index]
[DEBUG][2017-09-03 15:15:22,442][net.sf.ehcache.store.disk.DiskStorageFactory][Matching data file missing (or empty) for index file. Deleting index file temp\netServer\ehcache\sys%0043ache.index]
[DEBUG][2017-09-03 15:15:22,442][net.sf.ehcache.store.disk.DiskStorageFactory][Failed to delete file sys%0043ache.index]
[DEBUG][2017-09-03 15:15:22,442][net.sf.ehcache.Cache][Initialised cache: sysCache]
[DEBUG][2017-09-03 15:15:22,442][net.sf.ehcache.config.ConfigurationHelper][CacheDecoratorFactory not configured. Skipping for 'sysCache'.]
[DEBUG][2017-09-03 15:15:22,443][net.sf.ehcache.config.ConfigurationHelper][CacheDecoratorFactory not configured for defaultCache. Skipping for 'sysCache'.]
[DEBUG][2017-09-03 15:15:22,443][net.sf.ehcache.store.MemoryStore][Initialized net.sf.ehcache.store.MemoryStore for actCache]
[DEBUG][2017-09-03 15:15:22,444][net.sf.ehcache.store.disk.DiskStorageFactory][Failed to delete file act%0043ache.index]
[DEBUG][2017-09-03 15:15:22,445][net.sf.ehcache.store.disk.DiskStorageFactory][Matching data file missing (or empty) for index file. Deleting index file temp\netServer\ehcache\act%0043ache.index]
[DEBUG][2017-09-03 15:15:22,446][net.sf.ehcache.store.disk.DiskStorageFactory][Failed to delete file act%0043ache.index]
[DEBUG][2017-09-03 15:15:22,446][net.sf.ehcache.Cache][Initialised cache: actCache]
[DEBUG][2017-09-03 15:15:22,446][net.sf.ehcache.config.ConfigurationHelper][CacheDecoratorFactory not configured. Skipping for 'actCache'.]
[DEBUG][2017-09-03 15:15:22,446][net.sf.ehcache.config.ConfigurationHelper][CacheDecoratorFactory not configured for defaultCache. Skipping for 'actCache'.]
[DEBUG][2017-09-03 15:15:22,447][net.sf.ehcache.store.MemoryStore][Initialized net.sf.ehcache.store.MemoryStore for activeSessionsCache]
[DEBUG][2017-09-03 15:15:22,448][net.sf.ehcache.store.disk.DiskStorageFactory][Matching data file missing (or empty) for index file. Deleting index file temp\netServer\ehcache\active%0053essions%0043ache.index]
[DEBUG][2017-09-03 15:15:22,448][net.sf.ehcache.store.disk.DiskStorageFactory][Failed to delete file active%0053essions%0043ache.index]
[DEBUG][2017-09-03 15:15:22,448][net.sf.ehcache.Cache][Initialised cache: activeSessionsCache]
[DEBUG][2017-09-03 15:15:22,448][net.sf.ehcache.config.ConfigurationHelper][CacheDecoratorFactory not configured. Skipping for 'activeSessionsCache'.]
[DEBUG][2017-09-03 15:15:22,448][net.sf.ehcache.config.ConfigurationHelper][CacheDecoratorFactory not configured for defaultCache. Skipping for 'activeSessionsCache'.]
[DEBUG][2017-09-03 15:15:47,290][org.mybatis.spring.SqlSessionUtils][Creating a new SqlSession]
[DEBUG][2017-09-03 15:15:47,303][org.mybatis.spring.SqlSessionUtils][SqlSession [org.apache.ibatis.session.defaults.DefaultSqlSession@7f19e5bc] was not registered for synchronization because synchronization is not active]
[DEBUG][2017-09-03 15:15:47,330][org.mybatis.spring.transaction.SpringManagedTransaction][JDBC Connection [com.alibaba.druid.proxy.jdbc.ConnectionProxyImpl@452fa723] will not be managed by Spring]
[DEBUG][2017-09-03 15:15:47,342][com.xuyh.netserver.modules.sys.dao.UserDao.findAll][==>  Preparing: SELECT a.id, a.company_id AS "company.id", a.office_id AS "office.id", a.login_name, a.password, a.no, a.name, a.email, a.phone, a.mobile, a.user_type, a.login_ip, a.login_date, a.remarks, a.login_flag, a.photo, a.create_by AS "createBy.id", a.create_date, a.update_by AS "updateBy.id", a.update_date, a.del_flag, c.name AS "company.name", c.parent_id AS "company.parent.id", c.parent_ids AS "company.parentIds", ca.id AS "company.area.id", ca.name AS "company.area.name", ca.parent_id AS "company.area.parent.id", ca.parent_ids AS "company.area.parentIds", o.name AS "office.name", o.parent_id AS "office.parent.id", o.parent_ids AS "office.parentIds", oa.id AS "office.area.id", oa.name AS "office.area.name", oa.parent_id AS "office.area.parent.id", oa.parent_ids AS "office.area.parentIds", cu.id AS "company.primaryPerson.id", cu.name AS "company.primaryPerson.name", cu2.id AS "company.deputyPerson.id", cu2.name AS "company.deputyPerson.name", ou.id AS "office.primaryPerson.id", ou.name AS "office.primaryPerson.name", ou2.id AS "office.deputyPerson.id", ou2.name AS "office.deputyPerson.name" FROM sys_user a LEFT JOIN sys_office c ON c.id = a.company_id LEFT JOIN sys_area ca ON ca.id = c.area_id LEFT JOIN sys_office o ON o.id = a.office_id LEFT JOIN sys_area oa ON oa.id = o.area_id LEFT JOIN sys_user cu ON cu.id = c.primary_person LEFT JOIN sys_user cu2 ON cu2.id = c.deputy_person LEFT JOIN sys_user ou ON ou.id = o.primary_person LEFT JOIN sys_user ou2 ON ou2.id = o.deputy_person ]
[DEBUG][2017-09-03 15:15:47,433][com.xuyh.netserver.modules.sys.dao.UserDao.findAll][==> Parameters: ]
[DEBUG][2017-09-03 15:15:47,542][com.xuyh.netserver.modules.sys.dao.UserDao.findAll][<==      Total: 13]
[DEBUG][2017-09-03 15:15:47,546][org.mybatis.spring.SqlSessionUtils][Closing non transactional SqlSession [org.apache.ibatis.session.defaults.DefaultSqlSession@7f19e5bc]]
